{"/Users/MiLaShem/Documents/GitHub/cc/src/core/Block.js": {"path":"/Users/MiLaShem/Documents/GitHub/cc/src/core/Block.js","statementMap":{"0":{"start":{"line":1,"column":15},"end":{"line":1,"column":null}},"1":{"start":{"line":13,"column":4},"end":{"line":13,"column":null}},"2":{"start":{"line":14,"column":4},"end":{"line":14,"column":null}},"3":{"start":{"line":15,"column":4},"end":{"line":15,"column":null}},"4":{"start":{"line":16,"column":4},"end":{"line":16,"column":null}},"5":{"start":{"line":17,"column":4},"end":{"line":17,"column":null}},"6":{"start":{"line":18,"column":4},"end":{"line":18,"column":null}},"7":{"start":{"line":19,"column":4},"end":{"line":19,"column":null}},"8":{"start":{"line":23,"column":4},"end":{"line":33,"column":null}},"9":{"start":{"line":51,"column":26},"end":{"line":57,"column":null}},"10":{"start":{"line":59,"column":19},"end":{"line":59,"column":null}},"11":{"start":{"line":60,"column":6},"end":{"line":60,"column":null}},"12":{"start":{"line":61,"column":6},"end":{"line":61,"column":null}},"13":{"start":{"line":62,"column":6},"end":{"line":62,"column":null}},"14":{"start":{"line":63,"column":6},"end":{"line":63,"column":40}},"15":{"start":{"line":71,"column":6},"end":{"line":71,"column":null}},"16":{"start":{"line":71,"column":27},"end":{"line":71,"column":null}},"17":{"start":{"line":73,"column":26},"end":{"line":79,"column":null}},"18":{"start":{"line":81,"column":21},"end":{"line":81,"column":null}},"19":{"start":{"line":82,"column":6},"end":{"line":82,"column":null}},"20":{"start":{"line":83,"column":6},"end":{"line":83,"column":null}},"21":{"start":{"line":84,"column":6},"end":{"line":84,"column":null}},"22":{"start":{"line":88,"column":0},"end":{"line":88,"column":null}}},"fnMap":{"0":{"name":"(anonymous_0)","decl":{"start":{"line":12,"column":2},"end":{"line":12,"column":14}},"loc":{"start":{"line":12,"column":88},"end":{"line":20,"column":null}}},"1":{"name":"(anonymous_1)","decl":{"start":{"line":22,"column":2},"end":{"line":22,"column":18}},"loc":{"start":{"line":22,"column":18},"end":{"line":34,"column":null}}},"2":{"name":"(anonymous_2)","decl":{"start":{"line":40,"column":2},"end":{"line":40,"column":12}},"loc":{"start":{"line":40,"column":24},"end":{"line":64,"column":null}}},"3":{"name":"(anonymous_3)","decl":{"start":{"line":70,"column":2},"end":{"line":70,"column":18}},"loc":{"start":{"line":70,"column":29},"end":{"line":85,"column":null}}}},"branchMap":{"0":{"loc":{"start":{"line":12,"column":38},"end":{"line":12,"column":55}},"type":"default-arg","locations":[{"start":{"line":12,"column":53},"end":{"line":12,"column":55}}]},"1":{"loc":{"start":{"line":12,"column":57},"end":{"line":12,"column":70}},"type":"default-arg","locations":[{"start":{"line":12,"column":64},"end":{"line":12,"column":70}}]},"2":{"loc":{"start":{"line":12,"column":72},"end":{"line":12,"column":86}},"type":"default-arg","locations":[{"start":{"line":12,"column":84},"end":{"line":12,"column":86}}]},"3":{"loc":{"start":{"line":71,"column":6},"end":{"line":71,"column":null}},"type":"if","locations":[{"start":{"line":71,"column":6},"end":{"line":71,"column":null}}]}},"s":{"0":3,"1":63,"2":63,"3":63,"4":63,"5":63,"6":63,"7":63,"8":110,"9":19,"10":19,"11":19,"12":19,"13":19,"14":19,"15":19,"16":0,"17":19,"18":19,"19":19,"20":19,"21":19,"22":3},"f":{"0":63,"1":110,"2":19,"3":19},"b":{"0":[1],"1":[6],"2":[63],"3":[0]}}
,"/Users/MiLaShem/Documents/GitHub/cc/src/core/ContractRunner.js": {"path":"/Users/MiLaShem/Documents/GitHub/cc/src/core/ContractRunner.js","statementMap":{"0":{"start":{"line":1,"column":11},"end":{"line":1,"column":null}},"1":{"start":{"line":5,"column":4},"end":{"line":5,"column":32}},"2":{"start":{"line":18,"column":18},"end":{"line":18,"column":null}},"3":{"start":{"line":21,"column":20},"end":{"line":46,"column":null}},"4":{"start":{"line":38,"column":21},"end":{"line":38,"column":null}},"5":{"start":{"line":44,"column":26},"end":{"line":44,"column":86}},"6":{"start":{"line":48,"column":20},"end":{"line":48,"column":null}},"7":{"start":{"line":50,"column":4},"end":{"line":61,"column":null}},"8":{"start":{"line":52,"column":6},"end":{"line":55,"column":null}},"9":{"start":{"line":57,"column":6},"end":{"line":57,"column":null}},"10":{"start":{"line":59,"column":6},"end":{"line":59,"column":null}},"11":{"start":{"line":60,"column":6},"end":{"line":60,"column":19}},"12":{"start":{"line":65,"column":0},"end":{"line":65,"column":null}}},"fnMap":{"0":{"name":"(anonymous_0)","decl":{"start":{"line":4,"column":2},"end":{"line":4,"column":16}},"loc":{"start":{"line":4,"column":16},"end":{"line":6,"column":null}}},"1":{"name":"(anonymous_1)","decl":{"start":{"line":16,"column":2},"end":{"line":16,"column":10}},"loc":{"start":{"line":16,"column":71},"end":{"line":62,"column":null}}},"2":{"name":"(anonymous_2)","decl":{"start":{"line":28,"column":15},"end":{"line":28,"column":22}},"loc":{"start":{"line":28,"column":15},"end":{"line":28,"column":null}}},"3":{"name":"(anonymous_3)","decl":{"start":{"line":29,"column":17},"end":{"line":29,"column":24}},"loc":{"start":{"line":29,"column":17},"end":{"line":29,"column":null}}},"4":{"name":"(anonymous_4)","decl":{"start":{"line":38,"column":15},"end":{"line":38,"column":21}},"loc":{"start":{"line":38,"column":21},"end":{"line":38,"column":null}}},"5":{"name":"(anonymous_5)","decl":{"start":{"line":44,"column":18},"end":{"line":44,"column":26}},"loc":{"start":{"line":44,"column":18},"end":{"line":44,"column":null}}}},"branchMap":{},"s":{"0":3,"1":43,"2":8,"3":8,"4":1,"5":1,"6":8,"7":8,"8":8,"9":5,"10":3,"11":3,"12":3},"f":{"0":43,"1":8,"2":0,"3":0,"4":1,"5":1},"b":{}}
,"/Users/MiLaShem/Documents/GitHub/cc/src/core/UserChain.js": {"path":"/Users/MiLaShem/Documents/GitHub/cc/src/core/UserChain.js","statementMap":{"0":{"start":{"line":2,"column":14},"end":{"line":2,"column":null}},"1":{"start":{"line":3,"column":23},"end":{"line":3,"column":null}},"2":{"start":{"line":7,"column":4},"end":{"line":7,"column":null}},"3":{"start":{"line":8,"column":4},"end":{"line":8,"column":null}},"4":{"start":{"line":9,"column":4},"end":{"line":9,"column":null}},"5":{"start":{"line":10,"column":4},"end":{"line":10,"column":null}},"6":{"start":{"line":11,"column":4},"end":{"line":15,"column":null}},"7":{"start":{"line":16,"column":4},"end":{"line":16,"column":null}},"8":{"start":{"line":20,"column":4},"end":{"line":20,"column":null}},"9":{"start":{"line":24,"column":4},"end":{"line":24,"column":null}},"10":{"start":{"line":28,"column":26},"end":{"line":28,"column":null}},"11":{"start":{"line":30,"column":21},"end":{"line":30,"column":null}},"12":{"start":{"line":31,"column":6},"end":{"line":36,"column":null}},"13":{"start":{"line":32,"column":10},"end":{"line":32,"column":null}},"14":{"start":{"line":35,"column":10},"end":{"line":35,"column":null}},"15":{"start":{"line":38,"column":23},"end":{"line":43,"column":null}},"16":{"start":{"line":46,"column":6},"end":{"line":48,"column":null}},"17":{"start":{"line":47,"column":10},"end":{"line":47,"column":null}},"18":{"start":{"line":50,"column":6},"end":{"line":50,"column":null}},"19":{"start":{"line":51,"column":6},"end":{"line":51,"column":null}},"20":{"start":{"line":56,"column":21},"end":{"line":56,"column":null}},"21":{"start":{"line":57,"column":6},"end":{"line":59,"column":null}},"22":{"start":{"line":58,"column":10},"end":{"line":58,"column":null}},"23":{"start":{"line":61,"column":6},"end":{"line":63,"column":null}},"24":{"start":{"line":62,"column":10},"end":{"line":62,"column":null}},"25":{"start":{"line":66,"column":23},"end":{"line":66,"column":null}},"26":{"start":{"line":67,"column":6},"end":{"line":69,"column":null}},"27":{"start":{"line":68,"column":10},"end":{"line":68,"column":null}},"28":{"start":{"line":72,"column":6},"end":{"line":78,"column":null}},"29":{"start":{"line":73,"column":28},"end":{"line":73,"column":null}},"30":{"start":{"line":75,"column":10},"end":{"line":77,"column":null}},"31":{"start":{"line":76,"column":14},"end":{"line":76,"column":null}},"32":{"start":{"line":81,"column":6},"end":{"line":81,"column":null}},"33":{"start":{"line":83,"column":6},"end":{"line":83,"column":null}},"34":{"start":{"line":87,"column":6},"end":{"line":87,"column":null}},"35":{"start":{"line":91,"column":6},"end":{"line":91,"column":null}},"36":{"start":{"line":95,"column":6},"end":{"line":95,"column":null}},"37":{"start":{"line":99,"column":6},"end":{"line":99,"column":null}},"38":{"start":{"line":103,"column":4},"end":{"line":116,"column":null}},"39":{"start":{"line":103,"column":17},"end":{"line":103,"column":20}},"40":{"start":{"line":104,"column":27},"end":{"line":104,"column":40}},"41":{"start":{"line":105,"column":28},"end":{"line":105,"column":45}},"42":{"start":{"line":107,"column":30},"end":{"line":107,"column":null}},"43":{"start":{"line":109,"column":6},"end":{"line":111,"column":null}},"44":{"start":{"line":110,"column":8},"end":{"line":110,"column":null}},"45":{"start":{"line":113,"column":6},"end":{"line":115,"column":null}},"46":{"start":{"line":114,"column":8},"end":{"line":114,"column":null}},"47":{"start":{"line":117,"column":4},"end":{"line":117,"column":null}},"48":{"start":{"line":121,"column":6},"end":{"line":125,"column":null}},"49":{"start":{"line":129,"column":0},"end":{"line":129,"column":null}}},"fnMap":{"0":{"name":"(anonymous_0)","decl":{"start":{"line":6,"column":2},"end":{"line":6,"column":14}},"loc":{"start":{"line":6,"column":31},"end":{"line":17,"column":null}}},"1":{"name":"(anonymous_1)","decl":{"start":{"line":19,"column":2},"end":{"line":19,"column":23}},"loc":{"start":{"line":19,"column":23},"end":{"line":21,"column":null}}},"2":{"name":"(anonymous_2)","decl":{"start":{"line":23,"column":2},"end":{"line":23,"column":19}},"loc":{"start":{"line":23,"column":19},"end":{"line":25,"column":null}}},"3":{"name":"(anonymous_3)","decl":{"start":{"line":27,"column":2},"end":{"line":27,"column":14}},"loc":{"start":{"line":27,"column":26},"end":{"line":52,"column":null}}},"4":{"name":"(anonymous_4)","decl":{"start":{"line":54,"column":2},"end":{"line":54,"column":11}},"loc":{"start":{"line":54,"column":18},"end":{"line":84,"column":null}}},"5":{"name":"(anonymous_5)","decl":{"start":{"line":86,"column":2},"end":{"line":86,"column":14}},"loc":{"start":{"line":86,"column":21},"end":{"line":88,"column":null}}},"6":{"name":"(anonymous_6)","decl":{"start":{"line":90,"column":2},"end":{"line":90,"column":7}},"loc":{"start":{"line":90,"column":15},"end":{"line":92,"column":null}}},"7":{"name":"(anonymous_7)","decl":{"start":{"line":94,"column":2},"end":{"line":94,"column":20}},"loc":{"start":{"line":94,"column":53},"end":{"line":96,"column":null}}},"8":{"name":"(anonymous_8)","decl":{"start":{"line":98,"column":2},"end":{"line":98,"column":21}},"loc":{"start":{"line":98,"column":73},"end":{"line":100,"column":null}}},"9":{"name":"(anonymous_9)","decl":{"start":{"line":102,"column":2},"end":{"line":102,"column":17}},"loc":{"start":{"line":102,"column":17},"end":{"line":118,"column":null}}},"10":{"name":"(anonymous_10)","decl":{"start":{"line":120,"column":2},"end":{"line":120,"column":22}},"loc":{"start":{"line":120,"column":22},"end":{"line":126,"column":null}}}},"branchMap":{"0":{"loc":{"start":{"line":31,"column":6},"end":{"line":36,"column":null}},"type":"if","locations":[{"start":{"line":31,"column":6},"end":{"line":36,"column":null}},{"start":{"line":33,"column":13},"end":{"line":36,"column":null}}]},"1":{"loc":{"start":{"line":46,"column":6},"end":{"line":48,"column":null}},"type":"if","locations":[{"start":{"line":46,"column":6},"end":{"line":48,"column":null}}]},"2":{"loc":{"start":{"line":46,"column":10},"end":{"line":46,"column":49}},"type":"binary-expr","locations":[{"start":{"line":46,"column":10},"end":{"line":46,"column":22}},{"start":{"line":46,"column":26},"end":{"line":46,"column":49}}]},"3":{"loc":{"start":{"line":57,"column":6},"end":{"line":59,"column":null}},"type":"if","locations":[{"start":{"line":57,"column":6},"end":{"line":59,"column":null}}]},"4":{"loc":{"start":{"line":61,"column":6},"end":{"line":63,"column":null}},"type":"if","locations":[{"start":{"line":61,"column":6},"end":{"line":63,"column":null}}]},"5":{"loc":{"start":{"line":66,"column":23},"end":{"line":66,"column":null}},"type":"cond-expr","locations":[{"start":{"line":66,"column":48},"end":{"line":66,"column":56}},{"start":{"line":66,"column":56},"end":{"line":66,"column":null}}]},"6":{"loc":{"start":{"line":67,"column":6},"end":{"line":69,"column":null}},"type":"if","locations":[{"start":{"line":67,"column":6},"end":{"line":69,"column":null}}]},"7":{"loc":{"start":{"line":72,"column":6},"end":{"line":78,"column":null}},"type":"if","locations":[{"start":{"line":72,"column":6},"end":{"line":78,"column":null}}]},"8":{"loc":{"start":{"line":72,"column":10},"end":{"line":72,"column":48}},"type":"binary-expr","locations":[{"start":{"line":72,"column":10},"end":{"line":72,"column":22}},{"start":{"line":72,"column":26},"end":{"line":72,"column":48}}]},"9":{"loc":{"start":{"line":73,"column":28},"end":{"line":73,"column":null}},"type":"cond-expr","locations":[{"start":{"line":73,"column":53},"end":{"line":73,"column":61}},{"start":{"line":73,"column":61},"end":{"line":73,"column":null}}]},"10":{"loc":{"start":{"line":75,"column":10},"end":{"line":77,"column":null}},"type":"if","locations":[{"start":{"line":75,"column":10},"end":{"line":77,"column":null}}]},"11":{"loc":{"start":{"line":94,"column":39},"end":{"line":94,"column":51}},"type":"default-arg","locations":[{"start":{"line":94,"column":49},"end":{"line":94,"column":51}}]},"12":{"loc":{"start":{"line":98,"column":59},"end":{"line":98,"column":71}},"type":"default-arg","locations":[{"start":{"line":98,"column":69},"end":{"line":98,"column":71}}]},"13":{"loc":{"start":{"line":107,"column":30},"end":{"line":107,"column":null}},"type":"cond-expr","locations":[{"start":{"line":107,"column":62},"end":{"line":107,"column":77}},{"start":{"line":107,"column":77},"end":{"line":107,"column":null}}]},"14":{"loc":{"start":{"line":109,"column":6},"end":{"line":111,"column":null}},"type":"if","locations":[{"start":{"line":109,"column":6},"end":{"line":111,"column":null}}]},"15":{"loc":{"start":{"line":113,"column":6},"end":{"line":115,"column":null}},"type":"if","locations":[{"start":{"line":113,"column":6},"end":{"line":115,"column":null}}]}},"s":{"0":2,"1":2,"2":37,"3":37,"4":37,"5":37,"6":37,"7":37,"8":37,"9":41,"10":17,"11":17,"12":17,"13":16,"14":1,"15":17,"16":17,"17":17,"18":17,"19":16,"20":20,"21":20,"22":1,"23":19,"24":1,"25":18,"26":18,"27":1,"28":17,"29":17,"30":17,"31":0,"32":17,"33":16,"34":19,"35":9,"36":3,"37":2,"38":4,"39":4,"40":6,"41":6,"42":6,"43":6,"44":2,"45":4,"46":0,"47":2,"48":1,"49":2},"f":{"0":37,"1":37,"2":41,"3":17,"4":20,"5":19,"6":9,"7":3,"8":2,"9":4,"10":1},"b":{"0":[16,1],"1":[17],"2":[17,17],"3":[1],"4":[1],"5":[18,0],"6":[1],"7":[17],"8":[17,17],"9":[17,0],"10":[0],"11":[2],"12":[1],"13":[5,1],"14":[2],"15":[0]}}
,"/Users/MiLaShem/Documents/GitHub/cc/src/core/UserNode.js": {"path":"/Users/MiLaShem/Documents/GitHub/cc/src/core/UserNode.js","statementMap":{"0":{"start":{"line":232,"column":0},"end":{"line":232,"column":15}},"1":{"start":{"line":1,"column":22},"end":{"line":1,"column":null}},"2":{"start":{"line":2,"column":22},"end":{"line":2,"column":null}},"3":{"start":{"line":3,"column":31},"end":{"line":3,"column":null}},"4":{"start":{"line":4,"column":19},"end":{"line":4,"column":null}},"5":{"start":{"line":5,"column":48},"end":{"line":5,"column":null}},"6":{"start":{"line":6,"column":61},"end":{"line":6,"column":null}},"7":{"start":{"line":10,"column":4},"end":{"line":10,"column":null}},"8":{"start":{"line":11,"column":4},"end":{"line":11,"column":null}},"9":{"start":{"line":14,"column":4},"end":{"line":14,"column":null}},"10":{"start":{"line":15,"column":4},"end":{"line":15,"column":null}},"11":{"start":{"line":16,"column":4},"end":{"line":16,"column":null}},"12":{"start":{"line":17,"column":4},"end":{"line":17,"column":null}},"13":{"start":{"line":18,"column":4},"end":{"line":18,"column":null}},"14":{"start":{"line":23,"column":4},"end":{"line":23,"column":null}},"15":{"start":{"line":23,"column":26},"end":{"line":23,"column":null}},"16":{"start":{"line":25,"column":4},"end":{"line":25,"column":null}},"17":{"start":{"line":28,"column":4},"end":{"line":28,"column":null}},"18":{"start":{"line":31,"column":4},"end":{"line":31,"column":null}},"19":{"start":{"line":32,"column":4},"end":{"line":32,"column":null}},"20":{"start":{"line":35,"column":4},"end":{"line":35,"column":null}},"21":{"start":{"line":38,"column":4},"end":{"line":38,"column":null}},"22":{"start":{"line":41,"column":4},"end":{"line":41,"column":null}},"23":{"start":{"line":41,"column":31},"end":{"line":41,"column":null}},"24":{"start":{"line":43,"column":4},"end":{"line":43,"column":null}},"25":{"start":{"line":44,"column":4},"end":{"line":44,"column":null}},"26":{"start":{"line":50,"column":17},"end":{"line":50,"column":null}},"27":{"start":{"line":51,"column":4},"end":{"line":53,"column":null}},"28":{"start":{"line":52,"column":8},"end":{"line":52,"column":null}},"29":{"start":{"line":55,"column":4},"end":{"line":55,"column":null}},"30":{"start":{"line":56,"column":38},"end":{"line":60,"column":null}},"31":{"start":{"line":62,"column":20},"end":{"line":62,"column":null}},"32":{"start":{"line":64,"column":4},"end":{"line":64,"column":null}},"33":{"start":{"line":65,"column":4},"end":{"line":65,"column":null}},"34":{"start":{"line":69,"column":17},"end":{"line":69,"column":null}},"35":{"start":{"line":70,"column":4},"end":{"line":82,"column":null}},"36":{"start":{"line":71,"column":8},"end":{"line":71,"column":null}},"37":{"start":{"line":73,"column":8},"end":{"line":73,"column":null}},"38":{"start":{"line":74,"column":8},"end":{"line":80,"column":null}},"39":{"start":{"line":74,"column":21},"end":{"line":74,"column":24}},"40":{"start":{"line":75,"column":12},"end":{"line":79,"column":null}},"41":{"start":{"line":76,"column":14},"end":{"line":76,"column":null}},"42":{"start":{"line":78,"column":16},"end":{"line":78,"column":null}},"43":{"start":{"line":81,"column":8},"end":{"line":81,"column":null}},"44":{"start":{"line":87,"column":4},"end":{"line":90,"column":null}},"45":{"start":{"line":94,"column":17},"end":{"line":94,"column":null}},"46":{"start":{"line":95,"column":4},"end":{"line":97,"column":null}},"47":{"start":{"line":96,"column":8},"end":{"line":96,"column":null}},"48":{"start":{"line":101,"column":4},"end":{"line":103,"column":null}},"49":{"start":{"line":107,"column":6},"end":{"line":107,"column":null}},"50":{"start":{"line":108,"column":6},"end":{"line":108,"column":50}},"51":{"start":{"line":112,"column":6},"end":{"line":112,"column":null}},"52":{"start":{"line":113,"column":6},"end":{"line":113,"column":null}},"53":{"start":{"line":117,"column":6},"end":{"line":117,"column":null}},"54":{"start":{"line":117,"column":38},"end":{"line":117,"column":null}},"55":{"start":{"line":118,"column":6},"end":{"line":118,"column":null}},"56":{"start":{"line":133,"column":6},"end":{"line":133,"column":null}},"57":{"start":{"line":139,"column":4},"end":{"line":139,"column":null}},"58":{"start":{"line":139,"column":46},"end":{"line":139,"column":null}},"59":{"start":{"line":140,"column":4},"end":{"line":140,"column":null}},"60":{"start":{"line":140,"column":52},"end":{"line":140,"column":null}},"61":{"start":{"line":142,"column":4},"end":{"line":142,"column":null}},"62":{"start":{"line":147,"column":19},"end":{"line":147,"column":null}},"63":{"start":{"line":148,"column":6},"end":{"line":148,"column":null}},"64":{"start":{"line":149,"column":6},"end":{"line":149,"column":null}},"65":{"start":{"line":150,"column":6},"end":{"line":150,"column":null}},"66":{"start":{"line":154,"column":21},"end":{"line":154,"column":null}},"67":{"start":{"line":155,"column":6},"end":{"line":155,"column":null}},"68":{"start":{"line":156,"column":6},"end":{"line":156,"column":null}},"69":{"start":{"line":157,"column":6},"end":{"line":157,"column":null}},"70":{"start":{"line":161,"column":20},"end":{"line":161,"column":null}},"71":{"start":{"line":162,"column":6},"end":{"line":162,"column":null}},"72":{"start":{"line":163,"column":6},"end":{"line":163,"column":null}},"73":{"start":{"line":164,"column":6},"end":{"line":164,"column":null}},"74":{"start":{"line":168,"column":20},"end":{"line":168,"column":null}},"75":{"start":{"line":169,"column":6},"end":{"line":169,"column":null}},"76":{"start":{"line":170,"column":6},"end":{"line":170,"column":null}},"77":{"start":{"line":171,"column":6},"end":{"line":171,"column":null}},"78":{"start":{"line":175,"column":6},"end":{"line":189,"column":null}},"79":{"start":{"line":176,"column":24},"end":{"line":176,"column":null}},"80":{"start":{"line":177,"column":10},"end":{"line":177,"column":null}},"81":{"start":{"line":180,"column":26},"end":{"line":186,"column":null}},"82":{"start":{"line":187,"column":10},"end":{"line":187,"column":null}},"83":{"start":{"line":188,"column":10},"end":{"line":188,"column":null}},"84":{"start":{"line":193,"column":6},"end":{"line":195,"column":null}},"85":{"start":{"line":194,"column":10},"end":{"line":194,"column":null}},"86":{"start":{"line":196,"column":20},"end":{"line":196,"column":null}},"87":{"start":{"line":197,"column":6},"end":{"line":197,"column":null}},"88":{"start":{"line":198,"column":6},"end":{"line":198,"column":null}},"89":{"start":{"line":199,"column":6},"end":{"line":199,"column":null}},"90":{"start":{"line":203,"column":57},"end":{"line":203,"column":null}},"91":{"start":{"line":209,"column":29},"end":{"line":209,"column":null}},"92":{"start":{"line":210,"column":6},"end":{"line":212,"column":null}},"93":{"start":{"line":211,"column":10},"end":{"line":211,"column":null}},"94":{"start":{"line":214,"column":20},"end":{"line":217,"column":null}},"95":{"start":{"line":219,"column":6},"end":{"line":219,"column":24}},"96":{"start":{"line":220,"column":6},"end":{"line":220,"column":null}},"97":{"start":{"line":221,"column":6},"end":{"line":221,"column":null}},"98":{"start":{"line":225,"column":6},"end":{"line":227,"column":null}},"99":{"start":{"line":226,"column":10},"end":{"line":226,"column":null}},"100":{"start":{"line":228,"column":6},"end":{"line":228,"column":null}},"101":{"start":{"line":232,"column":15},"end":{"line":232,"column":null}}},"fnMap":{"0":{"name":"(anonymous_2)","decl":{"start":{"line":9,"column":2},"end":{"line":9,"column":14}},"loc":{"start":{"line":9,"column":22},"end":{"line":19,"column":null}}},"1":{"name":"(anonymous_3)","decl":{"start":{"line":22,"column":2},"end":{"line":22,"column":8}},"loc":{"start":{"line":22,"column":21},"end":{"line":45,"column":null}}},"2":{"name":"(anonymous_4)","decl":{"start":{"line":41,"column":20},"end":{"line":41,"column":21}},"loc":{"start":{"line":41,"column":31},"end":{"line":41,"column":null}}},"3":{"name":"(anonymous_5)","decl":{"start":{"line":49,"column":2},"end":{"line":49,"column":8}},"loc":{"start":{"line":49,"column":29},"end":{"line":66,"column":null}}},"4":{"name":"(anonymous_6)","decl":{"start":{"line":68,"column":2},"end":{"line":68,"column":8}},"loc":{"start":{"line":68,"column":20},"end":{"line":83,"column":null}}},"5":{"name":"(anonymous_7)","decl":{"start":{"line":85,"column":2},"end":{"line":85,"column":8}},"loc":{"start":{"line":85,"column":20},"end":{"line":91,"column":null}}},"6":{"name":"(anonymous_8)","decl":{"start":{"line":93,"column":2},"end":{"line":93,"column":8}},"loc":{"start":{"line":93,"column":25},"end":{"line":98,"column":null}}},"7":{"name":"(anonymous_9)","decl":{"start":{"line":100,"column":2},"end":{"line":100,"column":8}},"loc":{"start":{"line":100,"column":25},"end":{"line":104,"column":null}}},"8":{"name":"(anonymous_10)","decl":{"start":{"line":106,"column":2},"end":{"line":106,"column":15}},"loc":{"start":{"line":106,"column":29},"end":{"line":109,"column":null}}},"9":{"name":"(anonymous_11)","decl":{"start":{"line":111,"column":2},"end":{"line":111,"column":18}},"loc":{"start":{"line":111,"column":32},"end":{"line":114,"column":null}}},"10":{"name":"(anonymous_12)","decl":{"start":{"line":116,"column":2},"end":{"line":116,"column":12}},"loc":{"start":{"line":116,"column":20},"end":{"line":119,"column":null}}},"11":{"name":"(anonymous_13)","decl":{"start":{"line":123,"column":2},"end":{"line":123,"column":8}},"loc":{"start":{"line":123,"column":29},"end":{"line":128,"column":null}}},"12":{"name":"(anonymous_14)","decl":{"start":{"line":130,"column":2},"end":{"line":130,"column":8}},"loc":{"start":{"line":130,"column":51},"end":{"line":134,"column":null}}},"13":{"name":"(anonymous_15)","decl":{"start":{"line":138,"column":2},"end":{"line":138,"column":22}},"loc":{"start":{"line":138,"column":29},"end":{"line":144,"column":null}}},"14":{"name":"(anonymous_16)","decl":{"start":{"line":146,"column":2},"end":{"line":146,"column":11}},"loc":{"start":{"line":146,"column":17},"end":{"line":151,"column":null}}},"15":{"name":"(anonymous_17)","decl":{"start":{"line":153,"column":2},"end":{"line":153,"column":9}},"loc":{"start":{"line":153,"column":53},"end":{"line":158,"column":null}}},"16":{"name":"(anonymous_18)","decl":{"start":{"line":160,"column":2},"end":{"line":160,"column":8}},"loc":{"start":{"line":160,"column":21},"end":{"line":165,"column":null}}},"17":{"name":"(anonymous_19)","decl":{"start":{"line":167,"column":2},"end":{"line":167,"column":8}},"loc":{"start":{"line":167,"column":59},"end":{"line":172,"column":null}}},"18":{"name":"(anonymous_20)","decl":{"start":{"line":174,"column":2},"end":{"line":174,"column":8}},"loc":{"start":{"line":174,"column":61},"end":{"line":190,"column":null}}},"19":{"name":"(anonymous_21)","decl":{"start":{"line":192,"column":2},"end":{"line":192,"column":8}},"loc":{"start":{"line":192,"column":79},"end":{"line":200,"column":null}}},"20":{"name":"(anonymous_22)","decl":{"start":{"line":202,"column":2},"end":{"line":202,"column":24}},"loc":{"start":{"line":202,"column":33},"end":{"line":222,"column":null}}},"21":{"name":"(anonymous_23)","decl":{"start":{"line":224,"column":2},"end":{"line":224,"column":26}},"loc":{"start":{"line":224,"column":40},"end":{"line":229,"column":null}}}},"branchMap":{"0":{"loc":{"start":{"line":23,"column":4},"end":{"line":23,"column":null}},"type":"if","locations":[{"start":{"line":23,"column":4},"end":{"line":23,"column":null}}]},"1":{"loc":{"start":{"line":51,"column":4},"end":{"line":53,"column":null}},"type":"if","locations":[{"start":{"line":51,"column":4},"end":{"line":53,"column":null}}]},"2":{"loc":{"start":{"line":70,"column":4},"end":{"line":82,"column":null}},"type":"if","locations":[{"start":{"line":70,"column":4},"end":{"line":82,"column":null}}]},"3":{"loc":{"start":{"line":70,"column":8},"end":{"line":70,"column":26}},"type":"binary-expr","locations":[{"start":{"line":70,"column":8},"end":{"line":70,"column":16}},{"start":{"line":70,"column":16},"end":{"line":70,"column":26}}]},"4":{"loc":{"start":{"line":95,"column":4},"end":{"line":97,"column":null}},"type":"if","locations":[{"start":{"line":95,"column":4},"end":{"line":97,"column":null}}]},"5":{"loc":{"start":{"line":95,"column":8},"end":{"line":95,"column":26}},"type":"binary-expr","locations":[{"start":{"line":95,"column":8},"end":{"line":95,"column":16}},{"start":{"line":95,"column":16},"end":{"line":95,"column":26}}]},"6":{"loc":{"start":{"line":117,"column":6},"end":{"line":117,"column":null}},"type":"if","locations":[{"start":{"line":117,"column":6},"end":{"line":117,"column":null}}]},"7":{"loc":{"start":{"line":139,"column":4},"end":{"line":139,"column":null}},"type":"if","locations":[{"start":{"line":139,"column":4},"end":{"line":139,"column":null}}]},"8":{"loc":{"start":{"line":139,"column":8},"end":{"line":139,"column":44}},"type":"binary-expr","locations":[{"start":{"line":139,"column":8},"end":{"line":139,"column":18}},{"start":{"line":139,"column":18},"end":{"line":139,"column":29}},{"start":{"line":139,"column":33},"end":{"line":139,"column":44}}]},"9":{"loc":{"start":{"line":140,"column":4},"end":{"line":140,"column":null}},"type":"if","locations":[{"start":{"line":140,"column":4},"end":{"line":140,"column":null}}]},"10":{"loc":{"start":{"line":167,"column":45},"end":{"line":167,"column":57}},"type":"default-arg","locations":[{"start":{"line":167,"column":55},"end":{"line":167,"column":57}}]},"11":{"loc":{"start":{"line":174,"column":47},"end":{"line":174,"column":59}},"type":"default-arg","locations":[{"start":{"line":174,"column":57},"end":{"line":174,"column":59}}]},"12":{"loc":{"start":{"line":175,"column":6},"end":{"line":189,"column":null}},"type":"if","locations":[{"start":{"line":175,"column":6},"end":{"line":189,"column":null}},{"start":{"line":178,"column":13},"end":{"line":189,"column":null}}]},"13":{"loc":{"start":{"line":192,"column":65},"end":{"line":192,"column":77}},"type":"default-arg","locations":[{"start":{"line":192,"column":75},"end":{"line":192,"column":77}}]},"14":{"loc":{"start":{"line":193,"column":6},"end":{"line":195,"column":null}},"type":"if","locations":[{"start":{"line":193,"column":6},"end":{"line":195,"column":null}}]},"15":{"loc":{"start":{"line":210,"column":6},"end":{"line":212,"column":null}},"type":"if","locations":[{"start":{"line":210,"column":6},"end":{"line":212,"column":null}}]},"16":{"loc":{"start":{"line":225,"column":6},"end":{"line":227,"column":null}},"type":"if","locations":[{"start":{"line":225,"column":6},"end":{"line":227,"column":null}}]},"17":{"loc":{"start":{"line":225,"column":10},"end":{"line":225,"column":74}},"type":"binary-expr","locations":[{"start":{"line":225,"column":10},"end":{"line":225,"column":33}},{"start":{"line":225,"column":37},"end":{"line":225,"column":74}}]}},"s":{"0":1,"1":1,"2":1,"3":1,"4":1,"5":1,"6":1,"7":23,"8":23,"9":23,"10":23,"11":23,"12":23,"13":23,"14":23,"15":0,"16":23,"17":23,"18":23,"19":23,"20":23,"21":23,"22":23,"23":0,"24":23,"25":23,"26":23,"27":23,"28":3,"29":20,"30":20,"31":20,"32":20,"33":20,"34":23,"35":23,"36":2,"37":2,"38":2,"39":2,"40":2,"41":2,"42":1,"43":2,"44":4,"45":23,"46":23,"47":21,"48":6,"49":5,"50":5,"51":1,"52":1,"53":4,"54":1,"55":3,"56":1,"57":5,"58":3,"59":2,"60":1,"61":1,"62":2,"63":2,"64":2,"65":2,"66":1,"67":1,"68":1,"69":1,"70":1,"71":1,"72":1,"73":1,"74":1,"75":1,"76":1,"77":1,"78":2,"79":1,"80":1,"81":1,"82":1,"83":1,"84":2,"85":1,"86":1,"87":1,"88":1,"89":1,"90":2,"91":2,"92":2,"93":1,"94":1,"95":1,"96":1,"97":1,"98":2,"99":1,"100":1,"101":1},"f":{"0":23,"1":23,"2":0,"3":23,"4":23,"5":4,"6":23,"7":6,"8":5,"9":1,"10":4,"11":23,"12":1,"13":5,"14":2,"15":1,"16":1,"17":1,"18":2,"19":2,"20":2,"21":2},"b":{"0":[0],"1":[3],"2":[2],"3":[23,2],"4":[21],"5":[23,21],"6":[1],"7":[3],"8":[5,4,3],"9":[1],"10":[0],"11":[2],"12":[1,1],"13":[2],"14":[1],"15":[1],"16":[1],"17":[2,1]}}
,"/Users/MiLaShem/Documents/GitHub/cc/src/core/nodeManager.js": {"path":"/Users/MiLaShem/Documents/GitHub/cc/src/core/nodeManager.js","statementMap":{"0":{"start":{"line":28,"column":25},"end":{"line":28,"column":null}},"1":{"start":{"line":28,"column":9},"end":{"line":28,"column":25}},"2":{"start":{"line":1,"column":21},"end":{"line":1,"column":null}},"3":{"start":{"line":3,"column":20},"end":{"line":3,"column":null}},"4":{"start":{"line":7,"column":4},"end":{"line":7,"column":null}},"5":{"start":{"line":7,"column":17},"end":{"line":7,"column":null}},"6":{"start":{"line":8,"column":25},"end":{"line":8,"column":null}},"7":{"start":{"line":10,"column":4},"end":{"line":12,"column":null}},"8":{"start":{"line":11,"column":8},"end":{"line":11,"column":null}},"9":{"start":{"line":14,"column":4},"end":{"line":14,"column":null}},"10":{"start":{"line":15,"column":17},"end":{"line":15,"column":null}},"11":{"start":{"line":18,"column":4},"end":{"line":18,"column":null}},"12":{"start":{"line":20,"column":4},"end":{"line":20,"column":null}},"13":{"start":{"line":21,"column":4},"end":{"line":21,"column":null}},"14":{"start":{"line":25,"column":4},"end":{"line":25,"column":null}}},"fnMap":{"0":{"name":"getNodeForUser","decl":{"start":{"line":6,"column":15},"end":{"line":6,"column":30}},"loc":{"start":{"line":6,"column":36},"end":{"line":22,"column":null}}},"1":{"name":"getActiveNodes","decl":{"start":{"line":24,"column":9},"end":{"line":24,"column":null}},"loc":{"start":{"line":24,"column":9},"end":{"line":26,"column":null}}}},"branchMap":{"0":{"loc":{"start":{"line":7,"column":4},"end":{"line":7,"column":null}},"type":"if","locations":[{"start":{"line":7,"column":4},"end":{"line":7,"column":null}}]},"1":{"loc":{"start":{"line":10,"column":4},"end":{"line":12,"column":null}},"type":"if","locations":[{"start":{"line":10,"column":4},"end":{"line":12,"column":null}}]}},"s":{"0":1,"1":1,"2":1,"3":1,"4":6,"5":1,"6":5,"7":5,"8":2,"9":3,"10":3,"11":3,"12":3,"13":3,"14":4},"f":{"0":6,"1":4},"b":{"0":[1],"1":[2]}}
,"/Users/MiLaShem/Documents/GitHub/cc/src/core/logic/BlockProcessor.js": {"path":"/Users/MiLaShem/Documents/GitHub/cc/src/core/logic/BlockProcessor.js","statementMap":{"0":{"start":{"line":1,"column":23},"end":{"line":1,"column":null}},"1":{"start":{"line":9,"column":8},"end":{"line":9,"column":null}},"2":{"start":{"line":21,"column":25},"end":{"line":21,"column":null}},"3":{"start":{"line":23,"column":8},"end":{"line":41,"column":null}},"4":{"start":{"line":25,"column":16},"end":{"line":25,"column":null}},"5":{"start":{"line":26,"column":16},"end":{"line":26,"column":null}},"6":{"start":{"line":28,"column":16},"end":{"line":28,"column":null}},"7":{"start":{"line":29,"column":16},"end":{"line":29,"column":null}},"8":{"start":{"line":31,"column":16},"end":{"line":31,"column":null}},"9":{"start":{"line":32,"column":16},"end":{"line":32,"column":null}},"10":{"start":{"line":34,"column":16},"end":{"line":34,"column":null}},"11":{"start":{"line":35,"column":16},"end":{"line":35,"column":null}},"12":{"start":{"line":38,"column":16},"end":{"line":38,"column":null}},"13":{"start":{"line":40,"column":16},"end":{"line":40,"column":null}},"14":{"start":{"line":43,"column":8},"end":{"line":43,"column":null}},"15":{"start":{"line":44,"column":8},"end":{"line":44,"column":null}},"16":{"start":{"line":48,"column":8},"end":{"line":48,"column":null}},"17":{"start":{"line":48,"column":36},"end":{"line":48,"column":null}},"18":{"start":{"line":49,"column":8},"end":{"line":49,"column":null}},"19":{"start":{"line":50,"column":8},"end":{"line":50,"column":null}},"20":{"start":{"line":54,"column":8},"end":{"line":54,"column":null}},"21":{"start":{"line":58,"column":8},"end":{"line":58,"column":null}},"22":{"start":{"line":62,"column":28},"end":{"line":66,"column":null}},"23":{"start":{"line":68,"column":8},"end":{"line":68,"column":null}},"24":{"start":{"line":72,"column":0},"end":{"line":72,"column":null}}},"fnMap":{"0":{"name":"(anonymous_0)","decl":{"start":{"line":8,"column":4},"end":{"line":8,"column":18}},"loc":{"start":{"line":8,"column":18},"end":{"line":10,"column":null}}},"1":{"name":"(anonymous_1)","decl":{"start":{"line":18,"column":4},"end":{"line":18,"column":12}},"loc":{"start":{"line":18,"column":33},"end":{"line":45,"column":null}}},"2":{"name":"(anonymous_2)","decl":{"start":{"line":47,"column":4},"end":{"line":47,"column":16}},"loc":{"start":{"line":47,"column":30},"end":{"line":51,"column":null}}},"3":{"name":"(anonymous_3)","decl":{"start":{"line":53,"column":4},"end":{"line":53,"column":16}},"loc":{"start":{"line":53,"column":30},"end":{"line":55,"column":null}}},"4":{"name":"(anonymous_4)","decl":{"start":{"line":57,"column":4},"end":{"line":57,"column":19}},"loc":{"start":{"line":57,"column":33},"end":{"line":59,"column":null}}},"5":{"name":"(anonymous_5)","decl":{"start":{"line":61,"column":4},"end":{"line":61,"column":20}},"loc":{"start":{"line":61,"column":34},"end":{"line":69,"column":null}}}},"branchMap":{"0":{"loc":{"start":{"line":23,"column":8},"end":{"line":41,"column":null}},"type":"switch","locations":[{"start":{"line":24,"column":12},"end":{"line":26,"column":null}},{"start":{"line":27,"column":12},"end":{"line":29,"column":null}},{"start":{"line":30,"column":12},"end":{"line":32,"column":null}},{"start":{"line":33,"column":12},"end":{"line":35,"column":null}},{"start":{"line":36,"column":12},"end":{"line":38,"column":null}},{"start":{"line":39,"column":12},"end":{"line":40,"column":null}}]},"1":{"loc":{"start":{"line":48,"column":8},"end":{"line":48,"column":null}},"type":"if","locations":[{"start":{"line":48,"column":8},"end":{"line":48,"column":null}}]}},"s":{"0":2,"1":37,"2":19,"3":19,"4":12,"5":10,"6":3,"7":3,"8":2,"9":2,"10":2,"11":2,"12":0,"13":0,"14":17,"15":17,"16":12,"17":2,"18":10,"19":10,"20":3,"21":2,"22":2,"23":2,"24":2},"f":{"0":37,"1":19,"2":12,"3":3,"4":2,"5":2},"b":{"0":[12,3,2,2,0,0],"1":[2]}}
,"/Users/MiLaShem/Documents/GitHub/cc/src/core/logic/TransactionFactory.js": {"path":"/Users/MiLaShem/Documents/GitHub/cc/src/core/logic/TransactionFactory.js","statementMap":{"0":{"start":{"line":16,"column":25},"end":{"line":16,"column":null}},"1":{"start":{"line":17,"column":23},"end":{"line":17,"column":null}},"2":{"start":{"line":18,"column":27},"end":{"line":18,"column":null}},"3":{"start":{"line":20,"column":8},"end":{"line":20,"column":null}},"4":{"start":{"line":20,"column":31},"end":{"line":20,"column":null}},"5":{"start":{"line":22,"column":8},"end":{"line":30,"column":null}},"6":{"start":{"line":34,"column":0},"end":{"line":34,"column":null}}},"fnMap":{"0":{"name":"(anonymous_0)","decl":{"start":{"line":14,"column":4},"end":{"line":14,"column":11}},"loc":{"start":{"line":14,"column":58},"end":{"line":31,"column":null}}}},"branchMap":{"0":{"loc":{"start":{"line":20,"column":8},"end":{"line":20,"column":null}},"type":"if","locations":[{"start":{"line":20,"column":8},"end":{"line":20,"column":null}}]}},"s":{"0":1,"1":1,"2":1,"3":1,"4":0,"5":1,"6":1},"f":{"0":1},"b":{"0":[0]}}
,"/Users/MiLaShem/Documents/GitHub/cc/src/firebase/p2p.js": {"path":"/Users/MiLaShem/Documents/GitHub/cc/src/firebase/p2p.js","statementMap":{"0":{"start":{"line":2,"column":57},"end":{"line":2,"column":null}},"1":{"start":{"line":8,"column":23},"end":{"line":16,"column":null}},"2":{"start":{"line":9,"column":13},"end":{"line":9,"column":null}},"3":{"start":{"line":10,"column":2},"end":{"line":15,"column":null}},"4":{"start":{"line":11,"column":19},"end":{"line":11,"column":null}},"5":{"start":{"line":12,"column":4},"end":{"line":12,"column":null}},"6":{"start":{"line":14,"column":4},"end":{"line":14,"column":null}},"7":{"start":{"line":23,"column":24},"end":{"line":34,"column":null}},"8":{"start":{"line":24,"column":13},"end":{"line":24,"column":null}},"9":{"start":{"line":25,"column":12},"end":{"line":25,"column":null}},"10":{"start":{"line":27,"column":22},"end":{"line":31,"column":null}},"11":{"start":{"line":28,"column":4},"end":{"line":30,"column":null}},"12":{"start":{"line":29,"column":6},"end":{"line":29,"column":null}},"13":{"start":{"line":33,"column":2},"end":{"line":33,"column":null}},"14":{"start":{"line":36,"column":0},"end":{"line":36,"column":null}}},"fnMap":{"0":{"name":"(anonymous_0)","decl":{"start":{"line":8,"column":23},"end":{"line":8,"column":30}},"loc":{"start":{"line":8,"column":30},"end":{"line":16,"column":null}}},"1":{"name":"(anonymous_1)","decl":{"start":{"line":23,"column":24},"end":{"line":23,"column":25}},"loc":{"start":{"line":23,"column":25},"end":{"line":34,"column":null}}},"2":{"name":"(anonymous_2)","decl":{"start":{"line":27,"column":36},"end":{"line":27,"column":37}},"loc":{"start":{"line":27,"column":37},"end":{"line":31,"column":null}}},"3":{"name":"(anonymous_3)","decl":{"start":{"line":28,"column":26},"end":{"line":28,"column":27}},"loc":{"start":{"line":28,"column":27},"end":{"line":30,"column":null}}}},"branchMap":{},"s":{"0":1,"1":1,"2":2,"3":2,"4":2,"5":1,"6":1,"7":1,"8":2,"9":2,"10":2,"11":1,"12":1,"13":2,"14":1},"f":{"0":2,"1":2,"2":1,"3":1},"b":{}}
,"/Users/MiLaShem/Documents/GitHub/cc/src/firebase/storage.js": {"path":"/Users/MiLaShem/Documents/GitHub/cc/src/firebase/storage.js","statementMap":{"0":{"start":{"line":35,"column":13},"end":{"line":35,"column":33}},"1":{"start":{"line":19,"column":13},"end":{"line":19,"column":27}},"2":{"start":{"line":7,"column":13},"end":{"line":7,"column":28}},"3":{"start":{"line":1,"column":71},"end":{"line":1,"column":null}},"4":{"start":{"line":2,"column":16},"end":{"line":2,"column":null}},"5":{"start":{"line":4,"column":11},"end":{"line":4,"column":null}},"6":{"start":{"line":7,"column":28},"end":{"line":16,"column":null}},"7":{"start":{"line":8,"column":2},"end":{"line":15,"column":null}},"8":{"start":{"line":10,"column":4},"end":{"line":10,"column":null}},"9":{"start":{"line":11,"column":4},"end":{"line":11,"column":null}},"10":{"start":{"line":13,"column":4},"end":{"line":13,"column":null}},"11":{"start":{"line":14,"column":4},"end":{"line":14,"column":null}},"12":{"start":{"line":19,"column":27},"end":{"line":32,"column":null}},"13":{"start":{"line":20,"column":2},"end":{"line":31,"column":null}},"14":{"start":{"line":21,"column":19},"end":{"line":21,"column":null}},"15":{"start":{"line":22,"column":20},"end":{"line":22,"column":null}},"16":{"start":{"line":23,"column":4},"end":{"line":27,"column":null}},"17":{"start":{"line":24,"column":6},"end":{"line":24,"column":null}},"18":{"start":{"line":26,"column":6},"end":{"line":26,"column":null}},"19":{"start":{"line":29,"column":4},"end":{"line":29,"column":null}},"20":{"start":{"line":30,"column":4},"end":{"line":30,"column":null}},"21":{"start":{"line":35,"column":33},"end":{"line":47,"column":null}},"22":{"start":{"line":36,"column":4},"end":{"line":46,"column":null}},"23":{"start":{"line":37,"column":30},"end":{"line":37,"column":null}},"24":{"start":{"line":38,"column":21},"end":{"line":38,"column":23}},"25":{"start":{"line":39,"column":8},"end":{"line":41,"column":null}},"26":{"start":{"line":40,"column":12},"end":{"line":40,"column":null}},"27":{"start":{"line":42,"column":8},"end":{"line":42,"column":null}},"28":{"start":{"line":44,"column":8},"end":{"line":44,"column":null}},"29":{"start":{"line":45,"column":8},"end":{"line":45,"column":null}}},"fnMap":{"0":{"name":"(anonymous_5)","decl":{"start":{"line":7,"column":28},"end":{"line":7,"column":35}},"loc":{"start":{"line":7,"column":58},"end":{"line":16,"column":null}}},"1":{"name":"(anonymous_6)","decl":{"start":{"line":19,"column":27},"end":{"line":19,"column":34}},"loc":{"start":{"line":19,"column":50},"end":{"line":32,"column":null}}},"2":{"name":"(anonymous_7)","decl":{"start":{"line":35,"column":33},"end":{"line":35,"column":40}},"loc":{"start":{"line":35,"column":40},"end":{"line":47,"column":null}}},"3":{"name":"(anonymous_8)","decl":{"start":{"line":39,"column":30},"end":{"line":39,"column":31}},"loc":{"start":{"line":39,"column":31},"end":{"line":41,"column":null}}}},"branchMap":{"0":{"loc":{"start":{"line":23,"column":4},"end":{"line":27,"column":null}},"type":"if","locations":[{"start":{"line":23,"column":4},"end":{"line":27,"column":null}},{"start":{"line":25,"column":11},"end":{"line":27,"column":null}}]}},"s":{"0":1,"1":1,"2":1,"3":1,"4":1,"5":1,"6":1,"7":2,"8":2,"9":1,"10":1,"11":1,"12":1,"13":3,"14":3,"15":3,"16":2,"17":1,"18":1,"19":1,"20":1,"21":1,"22":2,"23":2,"24":1,"25":1,"26":2,"27":1,"28":1,"29":1},"f":{"0":2,"1":3,"2":2,"3":2},"b":{"0":[1,1]}}
,"/Users/MiLaShem/Documents/GitHub/cc/src/wallet/Portfolio.js": {"path":"/Users/MiLaShem/Documents/GitHub/cc/src/wallet/Portfolio.js","statementMap":{"0":{"start":{"line":6,"column":4},"end":{"line":6,"column":null}},"1":{"start":{"line":10,"column":4},"end":{"line":10,"column":null}},"2":{"start":{"line":19,"column":4},"end":{"line":19,"column":null}},"3":{"start":{"line":27,"column":4},"end":{"line":27,"column":null}},"4":{"start":{"line":34,"column":20},"end":{"line":34,"column":null}},"5":{"start":{"line":35,"column":4},"end":{"line":37,"column":null}},"6":{"start":{"line":36,"column":6},"end":{"line":36,"column":null}},"7":{"start":{"line":38,"column":4},"end":{"line":38,"column":null}},"8":{"start":{"line":49,"column":6},"end":{"line":60,"column":null}},"9":{"start":{"line":52,"column":10},"end":{"line":59,"column":null}},"10":{"start":{"line":53,"column":30},"end":{"line":53,"column":null}},"11":{"start":{"line":54,"column":14},"end":{"line":56,"column":null}},"12":{"start":{"line":55,"column":18},"end":{"line":55,"column":null}},"13":{"start":{"line":64,"column":0},"end":{"line":64,"column":null}}},"fnMap":{"0":{"name":"(anonymous_0)","decl":{"start":{"line":5,"column":2},"end":{"line":5,"column":14}},"loc":{"start":{"line":5,"column":23},"end":{"line":11,"column":null}}},"1":{"name":"(anonymous_1)","decl":{"start":{"line":18,"column":2},"end":{"line":18,"column":16}},"loc":{"start":{"line":18,"column":34},"end":{"line":20,"column":null}}},"2":{"name":"(anonymous_2)","decl":{"start":{"line":26,"column":2},"end":{"line":26,"column":13}},"loc":{"start":{"line":26,"column":23},"end":{"line":28,"column":null}}},"3":{"name":"(anonymous_3)","decl":{"start":{"line":33,"column":2},"end":{"line":33,"column":15}},"loc":{"start":{"line":33,"column":15},"end":{"line":39,"column":null}}},"4":{"name":"(anonymous_4)","decl":{"start":{"line":46,"column":2},"end":{"line":46,"column":8}},"loc":{"start":{"line":46,"column":36},"end":{"line":61,"column":null}}}},"branchMap":{"0":{"loc":{"start":{"line":27,"column":11},"end":{"line":27,"column":null}},"type":"binary-expr","locations":[{"start":{"line":27,"column":11},"end":{"line":27,"column":40}},{"start":{"line":27,"column":40},"end":{"line":27,"column":null}}]},"1":{"loc":{"start":{"line":54,"column":14},"end":{"line":56,"column":null}},"type":"if","locations":[{"start":{"line":54,"column":14},"end":{"line":56,"column":null}}]}},"s":{"0":31,"1":31,"2":8,"3":8,"4":2,"5":2,"6":2,"7":2,"8":2,"9":5,"10":5,"11":4,"12":3,"13":2},"f":{"0":31,"1":8,"2":8,"3":2,"4":2},"b":{"0":[8,3],"1":[3]}}
}
