{"/Users/MiLaShem/Documents/GitHub/cc/src/Oracle.js": {"path":"/Users/MiLaShem/Documents/GitHub/cc/src/Oracle.js","statementMap":{"0":{"start":{"line":7,"column":14},"end":{"line":7,"column":30}},"1":{"start":{"line":8,"column":21},"end":{"line":8,"column":38}},"2":{"start":{"line":9,"column":0},"end":{"line":9,"column":27}},"3":{"start":{"line":13,"column":4},"end":{"line":13,"column":12}},"4":{"start":{"line":14,"column":4},"end":{"line":16,"column":5}},"5":{"start":{"line":15,"column":6},"end":{"line":15,"column":29}},"6":{"start":{"line":19,"column":4},"end":{"line":19,"column":31}},"7":{"start":{"line":20,"column":4},"end":{"line":20,"column":34}},"8":{"start":{"line":21,"column":4},"end":{"line":21,"column":50}},"9":{"start":{"line":22,"column":4},"end":{"line":22,"column":60}},"10":{"start":{"line":25,"column":4},"end":{"line":32,"column":5}},"11":{"start":{"line":26,"column":8},"end":{"line":26,"column":58}},"12":{"start":{"line":27,"column":8},"end":{"line":27,"column":30}},"13":{"start":{"line":29,"column":8},"end":{"line":29,"column":56}},"14":{"start":{"line":29,"column":26},"end":{"line":29,"column":47}},"15":{"start":{"line":34,"column":4},"end":{"line":34,"column":27}},"16":{"start":{"line":38,"column":6},"end":{"line":38,"column":31}},"17":{"start":{"line":38,"column":24},"end":{"line":38,"column":31}},"18":{"start":{"line":40,"column":18},"end":{"line":40,"column":81}},"19":{"start":{"line":42,"column":6},"end":{"line":68,"column":9}},"20":{"start":{"line":43,"column":21},"end":{"line":43,"column":23}},"21":{"start":{"line":44,"column":10},"end":{"line":44,"column":56}},"22":{"start":{"line":44,"column":38},"end":{"line":44,"column":52}},"23":{"start":{"line":45,"column":10},"end":{"line":65,"column":13}},"24":{"start":{"line":46,"column":14},"end":{"line":64,"column":15}},"25":{"start":{"line":47,"column":31},"end":{"line":47,"column":47}},"26":{"start":{"line":48,"column":18},"end":{"line":61,"column":19}},"27":{"start":{"line":49,"column":43},"end":{"line":49,"column":57}},"28":{"start":{"line":50,"column":42},"end":{"line":50,"column":58}},"29":{"start":{"line":51,"column":41},"end":{"line":51,"column":65}},"30":{"start":{"line":53,"column":39},"end":{"line":53,"column":72}},"31":{"start":{"line":55,"column":22},"end":{"line":60,"column":23}},"32":{"start":{"line":56,"column":26},"end":{"line":56,"column":57}},"33":{"start":{"line":57,"column":26},"end":{"line":57,"column":56}},"34":{"start":{"line":58,"column":26},"end":{"line":58,"column":89}},"35":{"start":{"line":59,"column":26},"end":{"line":59,"column":73}},"36":{"start":{"line":63,"column":18},"end":{"line":63,"column":79}},"37":{"start":{"line":67,"column":10},"end":{"line":67,"column":68}},"38":{"start":{"line":72,"column":4},"end":{"line":72,"column":31}},"39":{"start":{"line":76,"column":4},"end":{"line":76,"column":35}},"40":{"start":{"line":77,"column":4},"end":{"line":77,"column":34}},"41":{"start":{"line":78,"column":4},"end":{"line":78,"column":51}},"42":{"start":{"line":82,"column":0},"end":{"line":82,"column":30}}},"fnMap":{"0":{"name":"(anonymous_0)","decl":{"start":{"line":12,"column":2},"end":{"line":12,"column":3}},"loc":{"start":{"line":12,"column":16},"end":{"line":35,"column":3}},"line":12},"1":{"name":"(anonymous_1)","decl":{"start":{"line":29,"column":20},"end":{"line":29,"column":21}},"loc":{"start":{"line":29,"column":26},"end":{"line":29,"column":47}},"line":29},"2":{"name":"(anonymous_2)","decl":{"start":{"line":37,"column":2},"end":{"line":37,"column":3}},"loc":{"start":{"line":37,"column":19},"end":{"line":69,"column":3}},"line":37},"3":{"name":"(anonymous_3)","decl":{"start":{"line":42,"column":21},"end":{"line":42,"column":22}},"loc":{"start":{"line":42,"column":30},"end":{"line":66,"column":7}},"line":42},"4":{"name":"(anonymous_4)","decl":{"start":{"line":44,"column":25},"end":{"line":44,"column":26}},"loc":{"start":{"line":44,"column":36},"end":{"line":44,"column":54}},"line":44},"5":{"name":"(anonymous_5)","decl":{"start":{"line":45,"column":24},"end":{"line":45,"column":25}},"loc":{"start":{"line":45,"column":30},"end":{"line":65,"column":11}},"line":45},"6":{"name":"(anonymous_6)","decl":{"start":{"line":66,"column":21},"end":{"line":66,"column":22}},"loc":{"start":{"line":66,"column":28},"end":{"line":68,"column":7}},"line":66},"7":{"name":"(anonymous_7)","decl":{"start":{"line":71,"column":2},"end":{"line":71,"column":3}},"loc":{"start":{"line":71,"column":13},"end":{"line":73,"column":3}},"line":71},"8":{"name":"(anonymous_8)","decl":{"start":{"line":75,"column":2},"end":{"line":75,"column":3}},"loc":{"start":{"line":75,"column":21},"end":{"line":79,"column":3}},"line":75}},"branchMap":{"0":{"loc":{"start":{"line":14,"column":4},"end":{"line":16,"column":5}},"type":"if","locations":[{"start":{"line":14,"column":4},"end":{"line":16,"column":5}},{"start":{},"end":{}}],"line":14},"1":{"loc":{"start":{"line":25,"column":4},"end":{"line":32,"column":5}},"type":"if","locations":[{"start":{"line":25,"column":4},"end":{"line":32,"column":5}},{"start":{"line":30,"column":11},"end":{"line":32,"column":5}}],"line":25},"2":{"loc":{"start":{"line":38,"column":6},"end":{"line":38,"column":31}},"type":"if","locations":[{"start":{"line":38,"column":6},"end":{"line":38,"column":31}},{"start":{},"end":{}}],"line":38},"3":{"loc":{"start":{"line":48,"column":18},"end":{"line":61,"column":19}},"type":"if","locations":[{"start":{"line":48,"column":18},"end":{"line":61,"column":19}},{"start":{},"end":{}}],"line":48},"4":{"loc":{"start":{"line":48,"column":22},"end":{"line":48,"column":66}},"type":"binary-expr","locations":[{"start":{"line":48,"column":22},"end":{"line":48,"column":34}},{"start":{"line":48,"column":38},"end":{"line":48,"column":48}},{"start":{"line":48,"column":52},"end":{"line":48,"column":66}}],"line":48},"5":{"loc":{"start":{"line":55,"column":22},"end":{"line":60,"column":23}},"type":"if","locations":[{"start":{"line":55,"column":22},"end":{"line":60,"column":23}},{"start":{},"end":{}}],"line":55}},"s":{"0":1,"1":1,"2":1,"3":1,"4":1,"5":0,"6":1,"7":1,"8":1,"9":1,"10":1,"11":1,"12":1,"13":1,"14":0,"15":1,"16":1,"17":0,"18":1,"19":1,"20":1,"21":1,"22":1,"23":1,"24":1,"25":1,"26":1,"27":1,"28":1,"29":1,"30":1,"31":1,"32":1,"33":1,"34":1,"35":1,"36":0,"37":0,"38":1,"39":0,"40":0,"41":0,"42":1},"f":{"0":1,"1":0,"2":1,"3":1,"4":1,"5":1,"6":0,"7":1,"8":0},"b":{"0":[0,1],"1":[1,0],"2":[0,1],"3":[1,0],"4":[1,1,1],"5":[1,0]},"_coverageSchema":"1a1c01bbd47fc00a2c39e90264f33305004495a9","hash":"7dfcd710dd10b1cc47db1174e88273a17d37e39c"}
,"/Users/MiLaShem/Documents/GitHub/cc/src/app.js": {"path":"/Users/MiLaShem/Documents/GitHub/cc/src/app.js","statementMap":{"0":{"start":{"line":2,"column":16},"end":{"line":2,"column":34}},"1":{"start":{"line":3,"column":19},"end":{"line":3,"column":41}},"2":{"start":{"line":4,"column":13},"end":{"line":4,"column":28}},"3":{"start":{"line":5,"column":17},"end":{"line":5,"column":43}},"4":{"start":{"line":6,"column":15},"end":{"line":6,"column":34}},"5":{"start":{"line":7,"column":16},"end":{"line":7,"column":40}},"6":{"start":{"line":10,"column":16},"end":{"line":10,"column":25}},"7":{"start":{"line":11,"column":4},"end":{"line":11,"column":31}},"8":{"start":{"line":12,"column":4},"end":{"line":12,"column":63}},"9":{"start":{"line":15,"column":18},"end":{"line":15,"column":20}},"10":{"start":{"line":18,"column":8},"end":{"line":21,"column":11}},"11":{"start":{"line":19,"column":12},"end":{"line":19,"column":49}},"12":{"start":{"line":20,"column":12},"end":{"line":20,"column":66}},"13":{"start":{"line":24,"column":4},"end":{"line":26,"column":7}},"14":{"start":{"line":25,"column":8},"end":{"line":25,"column":43}},"15":{"start":{"line":31,"column":4},"end":{"line":50,"column":7}},"16":{"start":{"line":32,"column":8},"end":{"line":32,"column":59}},"17":{"start":{"line":33,"column":8},"end":{"line":33,"column":51}},"18":{"start":{"line":34,"column":8},"end":{"line":34,"column":50}},"19":{"start":{"line":35,"column":8},"end":{"line":35,"column":27}},"20":{"start":{"line":37,"column":25},"end":{"line":37,"column":35}},"21":{"start":{"line":38,"column":26},"end":{"line":41,"column":9}},"22":{"start":{"line":42,"column":8},"end":{"line":42,"column":32}},"23":{"start":{"line":44,"column":8},"end":{"line":44,"column":40}},"24":{"start":{"line":45,"column":8},"end":{"line":45,"column":54}},"25":{"start":{"line":47,"column":8},"end":{"line":49,"column":11}},"26":{"start":{"line":48,"column":12},"end":{"line":48,"column":61}},"27":{"start":{"line":48,"column":42},"end":{"line":48,"column":59}},"28":{"start":{"line":53,"column":4},"end":{"line":62,"column":7}},"29":{"start":{"line":54,"column":8},"end":{"line":61,"column":11}},"30":{"start":{"line":65,"column":4},"end":{"line":73,"column":7}},"31":{"start":{"line":66,"column":25},"end":{"line":66,"column":33}},"32":{"start":{"line":67,"column":8},"end":{"line":72,"column":9}},"33":{"start":{"line":68,"column":12},"end":{"line":68,"column":36}},"34":{"start":{"line":69,"column":12},"end":{"line":69,"column":59}},"35":{"start":{"line":71,"column":12},"end":{"line":71,"column":60}},"36":{"start":{"line":76,"column":4},"end":{"line":78,"column":7}},"37":{"start":{"line":77,"column":8},"end":{"line":77,"column":35}},"38":{"start":{"line":81,"column":4},"end":{"line":100,"column":7}},"39":{"start":{"line":82,"column":27},"end":{"line":82,"column":35}},"40":{"start":{"line":83,"column":8},"end":{"line":99,"column":9}},"41":{"start":{"line":84,"column":26},"end":{"line":84,"column":49}},"42":{"start":{"line":85,"column":12},"end":{"line":90,"column":13}},"43":{"start":{"line":86,"column":16},"end":{"line":89,"column":19}},"44":{"start":{"line":91,"column":12},"end":{"line":94,"column":15}},"45":{"start":{"line":96,"column":12},"end":{"line":96,"column":47}},"46":{"start":{"line":98,"column":12},"end":{"line":98,"column":55}},"47":{"start":{"line":103,"column":4},"end":{"line":121,"column":7}},"48":{"start":{"line":104,"column":31},"end":{"line":104,"column":39}},"49":{"start":{"line":105,"column":8},"end":{"line":120,"column":9}},"50":{"start":{"line":106,"column":26},"end":{"line":106,"column":66}},"51":{"start":{"line":107,"column":12},"end":{"line":112,"column":13}},"52":{"start":{"line":108,"column":16},"end":{"line":111,"column":19}},"53":{"start":{"line":113,"column":12},"end":{"line":116,"column":15}},"54":{"start":{"line":117,"column":12},"end":{"line":117,"column":47}},"55":{"start":{"line":119,"column":12},"end":{"line":119,"column":55}},"56":{"start":{"line":124,"column":4},"end":{"line":126,"column":7}},"57":{"start":{"line":125,"column":8},"end":{"line":125,"column":46}},"58":{"start":{"line":129,"column":4},"end":{"line":148,"column":7}},"59":{"start":{"line":130,"column":8},"end":{"line":147,"column":9}},"60":{"start":{"line":131,"column":27},"end":{"line":131,"column":63}},"61":{"start":{"line":132,"column":12},"end":{"line":143,"column":13}},"62":{"start":{"line":133,"column":16},"end":{"line":138,"column":17}},"63":{"start":{"line":134,"column":20},"end":{"line":137,"column":23}},"64":{"start":{"line":139,"column":17},"end":{"line":142,"column":19}},"65":{"start":{"line":144,"column":12},"end":{"line":144,"column":29}},"66":{"start":{"line":146,"column":12},"end":{"line":146,"column":55}},"67":{"start":{"line":150,"column":4},"end":{"line":162,"column":7}},"68":{"start":{"line":151,"column":33},"end":{"line":151,"column":41}},"69":{"start":{"line":152,"column":8},"end":{"line":161,"column":9}},"70":{"start":{"line":153,"column":12},"end":{"line":153,"column":65}},"71":{"start":{"line":154,"column":13},"end":{"line":157,"column":15}},"72":{"start":{"line":158,"column":12},"end":{"line":158,"column":65}},"73":{"start":{"line":160,"column":12},"end":{"line":160,"column":55}},"74":{"start":{"line":164,"column":4},"end":{"line":164,"column":15}},"75":{"start":{"line":167,"column":0},"end":{"line":167,"column":27}}},"fnMap":{"0":{"name":"createApp","decl":{"start":{"line":9,"column":9},"end":{"line":9,"column":18}},"loc":{"start":{"line":9,"column":30},"end":{"line":165,"column":1}},"line":9},"1":{"name":"sendEventToAll","decl":{"start":{"line":17,"column":13},"end":{"line":17,"column":27}},"loc":{"start":{"line":17,"column":40},"end":{"line":22,"column":5}},"line":17},"2":{"name":"(anonymous_2)","decl":{"start":{"line":18,"column":24},"end":{"line":18,"column":25}},"loc":{"start":{"line":18,"column":34},"end":{"line":21,"column":9}},"line":18},"3":{"name":"(anonymous_3)","decl":{"start":{"line":24,"column":30},"end":{"line":24,"column":31}},"loc":{"start":{"line":24,"column":41},"end":{"line":26,"column":5}},"line":24},"4":{"name":"(anonymous_4)","decl":{"start":{"line":31,"column":23},"end":{"line":31,"column":24}},"loc":{"start":{"line":31,"column":37},"end":{"line":50,"column":5}},"line":31},"5":{"name":"(anonymous_5)","decl":{"start":{"line":47,"column":24},"end":{"line":47,"column":25}},"loc":{"start":{"line":47,"column":30},"end":{"line":49,"column":9}},"line":47},"6":{"name":"(anonymous_6)","decl":{"start":{"line":48,"column":37},"end":{"line":48,"column":38}},"loc":{"start":{"line":48,"column":42},"end":{"line":48,"column":59}},"line":48},"7":{"name":"(anonymous_7)","decl":{"start":{"line":53,"column":21},"end":{"line":53,"column":22}},"loc":{"start":{"line":53,"column":35},"end":{"line":62,"column":5}},"line":53},"8":{"name":"(anonymous_8)","decl":{"start":{"line":65,"column":25},"end":{"line":65,"column":26}},"loc":{"start":{"line":65,"column":39},"end":{"line":73,"column":5}},"line":65},"9":{"name":"(anonymous_9)","decl":{"start":{"line":76,"column":22},"end":{"line":76,"column":23}},"loc":{"start":{"line":76,"column":36},"end":{"line":78,"column":5}},"line":76},"10":{"name":"(anonymous_10)","decl":{"start":{"line":81,"column":22},"end":{"line":81,"column":23}},"loc":{"start":{"line":81,"column":36},"end":{"line":100,"column":5}},"line":81},"11":{"name":"(anonymous_11)","decl":{"start":{"line":103,"column":22},"end":{"line":103,"column":23}},"loc":{"start":{"line":103,"column":36},"end":{"line":121,"column":5}},"line":103},"12":{"name":"(anonymous_12)","decl":{"start":{"line":124,"column":26},"end":{"line":124,"column":27}},"loc":{"start":{"line":124,"column":40},"end":{"line":126,"column":5}},"line":124},"13":{"name":"(anonymous_13)","decl":{"start":{"line":129,"column":34},"end":{"line":129,"column":35}},"loc":{"start":{"line":129,"column":48},"end":{"line":148,"column":5}},"line":129},"14":{"name":"(anonymous_14)","decl":{"start":{"line":150,"column":25},"end":{"line":150,"column":26}},"loc":{"start":{"line":150,"column":39},"end":{"line":162,"column":5}},"line":150}},"branchMap":{"0":{"loc":{"start":{"line":59,"column":24},"end":{"line":59,"column":52}},"type":"cond-expr","locations":[{"start":{"line":59,"column":30},"end":{"line":59,"column":48}},{"start":{"line":59,"column":51},"end":{"line":59,"column":52}}],"line":59},"1":{"loc":{"start":{"line":60,"column":28},"end":{"line":60,"column":62}},"type":"cond-expr","locations":[{"start":{"line":60,"column":34},"end":{"line":60,"column":57}},{"start":{"line":60,"column":60},"end":{"line":60,"column":62}}],"line":60},"2":{"loc":{"start":{"line":67,"column":8},"end":{"line":72,"column":9}},"type":"if","locations":[{"start":{"line":67,"column":8},"end":{"line":72,"column":9}},{"start":{"line":70,"column":15},"end":{"line":72,"column":9}}],"line":67},"3":{"loc":{"start":{"line":85,"column":12},"end":{"line":90,"column":13}},"type":"if","locations":[{"start":{"line":85,"column":12},"end":{"line":90,"column":13}},{"start":{},"end":{}}],"line":85},"4":{"loc":{"start":{"line":107,"column":12},"end":{"line":112,"column":13}},"type":"if","locations":[{"start":{"line":107,"column":12},"end":{"line":112,"column":13}},{"start":{},"end":{}}],"line":107},"5":{"loc":{"start":{"line":132,"column":12},"end":{"line":143,"column":13}},"type":"if","locations":[{"start":{"line":132,"column":12},"end":{"line":143,"column":13}},{"start":{},"end":{}}],"line":132},"6":{"loc":{"start":{"line":133,"column":16},"end":{"line":138,"column":17}},"type":"if","locations":[{"start":{"line":133,"column":16},"end":{"line":138,"column":17}},{"start":{},"end":{}}],"line":133}},"s":{"0":1,"1":1,"2":1,"3":1,"4":1,"5":1,"6":3,"7":3,"8":3,"9":3,"10":5,"11":0,"12":0,"13":3,"14":3,"15":3,"16":0,"17":0,"18":0,"19":0,"20":0,"21":0,"22":0,"23":0,"24":0,"25":0,"26":0,"27":0,"28":3,"29":1,"30":3,"31":0,"32":0,"33":0,"34":0,"35":0,"36":3,"37":1,"38":3,"39":2,"40":2,"41":2,"42":2,"43":2,"44":2,"45":2,"46":0,"47":3,"48":0,"49":0,"50":0,"51":0,"52":0,"53":0,"54":0,"55":0,"56":3,"57":0,"58":3,"59":0,"60":0,"61":0,"62":0,"63":0,"64":0,"65":0,"66":0,"67":3,"68":0,"69":0,"70":0,"71":0,"72":0,"73":0,"74":3,"75":1},"f":{"0":3,"1":5,"2":0,"3":3,"4":0,"5":0,"6":0,"7":1,"8":0,"9":1,"10":2,"11":0,"12":0,"13":0,"14":0},"b":{"0":[1,0],"1":[1,0],"2":[0,0],"3":[2,0],"4":[0,0],"5":[0,0],"6":[0,0]},"_coverageSchema":"1a1c01bbd47fc00a2c39e90264f33305004495a9","hash":"946374923fcce38bdab3bec16bbbcddb7e46854c"}
,"/Users/MiLaShem/Documents/GitHub/cc/src/core/Block.js": {"path":"/Users/MiLaShem/Documents/GitHub/cc/src/core/Block.js","statementMap":{"0":{"start":{"line":1,"column":15},"end":{"line":1,"column":32}},"1":{"start":{"line":13,"column":4},"end":{"line":13,"column":23}},"2":{"start":{"line":14,"column":4},"end":{"line":14,"column":31}},"3":{"start":{"line":15,"column":4},"end":{"line":15,"column":21}},"4":{"start":{"line":16,"column":4},"end":{"line":16,"column":37}},"5":{"start":{"line":17,"column":4},"end":{"line":17,"column":21}},"6":{"start":{"line":18,"column":4},"end":{"line":18,"column":31}},"7":{"start":{"line":19,"column":4},"end":{"line":19,"column":37}},"8":{"start":{"line":23,"column":4},"end":{"line":33,"column":21}},"9":{"start":{"line":51,"column":26},"end":{"line":57,"column":21}},"10":{"start":{"line":59,"column":19},"end":{"line":59,"column":46}},"11":{"start":{"line":60,"column":6},"end":{"line":60,"column":31}},"12":{"start":{"line":61,"column":6},"end":{"line":61,"column":17}},"13":{"start":{"line":62,"column":6},"end":{"line":62,"column":52}},"14":{"start":{"line":63,"column":6},"end":{"line":63,"column":39}},"15":{"start":{"line":71,"column":6},"end":{"line":71,"column":40}},"16":{"start":{"line":71,"column":27},"end":{"line":71,"column":40}},"17":{"start":{"line":73,"column":26},"end":{"line":79,"column":21}},"18":{"start":{"line":81,"column":21},"end":{"line":81,"column":50}},"19":{"start":{"line":82,"column":6},"end":{"line":82,"column":33}},"20":{"start":{"line":83,"column":6},"end":{"line":83,"column":19}},"21":{"start":{"line":84,"column":6},"end":{"line":84,"column":61}},"22":{"start":{"line":88,"column":0},"end":{"line":88,"column":23}}},"fnMap":{"0":{"name":"(anonymous_0)","decl":{"start":{"line":12,"column":2},"end":{"line":12,"column":3}},"loc":{"start":{"line":12,"column":88},"end":{"line":20,"column":3}},"line":12},"1":{"name":"(anonymous_1)","decl":{"start":{"line":22,"column":2},"end":{"line":22,"column":3}},"loc":{"start":{"line":22,"column":18},"end":{"line":34,"column":3}},"line":22},"2":{"name":"(anonymous_2)","decl":{"start":{"line":40,"column":2},"end":{"line":40,"column":3}},"loc":{"start":{"line":40,"column":24},"end":{"line":64,"column":3}},"line":40},"3":{"name":"(anonymous_3)","decl":{"start":{"line":70,"column":2},"end":{"line":70,"column":3}},"loc":{"start":{"line":70,"column":29},"end":{"line":85,"column":3}},"line":70}},"branchMap":{"0":{"loc":{"start":{"line":12,"column":38},"end":{"line":12,"column":55}},"type":"default-arg","locations":[{"start":{"line":12,"column":53},"end":{"line":12,"column":55}}],"line":12},"1":{"loc":{"start":{"line":12,"column":57},"end":{"line":12,"column":70}},"type":"default-arg","locations":[{"start":{"line":12,"column":64},"end":{"line":12,"column":70}}],"line":12},"2":{"loc":{"start":{"line":12,"column":72},"end":{"line":12,"column":86}},"type":"default-arg","locations":[{"start":{"line":12,"column":84},"end":{"line":12,"column":86}}],"line":12},"3":{"loc":{"start":{"line":71,"column":6},"end":{"line":71,"column":40}},"type":"if","locations":[{"start":{"line":71,"column":6},"end":{"line":71,"column":40}},{"start":{},"end":{}}],"line":71}},"s":{"0":4,"1":32,"2":32,"3":32,"4":32,"5":32,"6":32,"7":32,"8":53,"9":14,"10":14,"11":14,"12":14,"13":14,"14":14,"15":14,"16":0,"17":14,"18":14,"19":14,"20":14,"21":14,"22":4},"f":{"0":32,"1":53,"2":14,"3":14},"b":{"0":[0],"1":[5],"2":[32],"3":[0,14]},"_coverageSchema":"1a1c01bbd47fc00a2c39e90264f33305004495a9","hash":"69a1d644e61b08810374b3f8c680d71299eb0800"}
,"/Users/MiLaShem/Documents/GitHub/cc/src/core/ContractRunner.js": {"path":"/Users/MiLaShem/Documents/GitHub/cc/src/core/ContractRunner.js","statementMap":{"0":{"start":{"line":1,"column":11},"end":{"line":1,"column":24}},"1":{"start":{"line":5,"column":4},"end":{"line":5,"column":31}},"2":{"start":{"line":18,"column":18},"end":{"line":18,"column":58}},"3":{"start":{"line":21,"column":20},"end":{"line":46,"column":5}},"4":{"start":{"line":38,"column":21},"end":{"line":38,"column":35}},"5":{"start":{"line":44,"column":26},"end":{"line":44,"column":85}},"6":{"start":{"line":48,"column":20},"end":{"line":48,"column":45}},"7":{"start":{"line":50,"column":4},"end":{"line":61,"column":5}},"8":{"start":{"line":52,"column":6},"end":{"line":55,"column":9}},"9":{"start":{"line":57,"column":6},"end":{"line":57,"column":27}},"10":{"start":{"line":59,"column":6},"end":{"line":59,"column":71}},"11":{"start":{"line":60,"column":6},"end":{"line":60,"column":18}},"12":{"start":{"line":65,"column":0},"end":{"line":65,"column":32}}},"fnMap":{"0":{"name":"(anonymous_0)","decl":{"start":{"line":4,"column":2},"end":{"line":4,"column":3}},"loc":{"start":{"line":4,"column":16},"end":{"line":6,"column":3}},"line":4},"1":{"name":"(anonymous_1)","decl":{"start":{"line":16,"column":2},"end":{"line":16,"column":3}},"loc":{"start":{"line":16,"column":71},"end":{"line":62,"column":3}},"line":16},"2":{"name":"(anonymous_2)","decl":{"start":{"line":28,"column":15},"end":{"line":28,"column":16}},"loc":{"start":{"line":28,"column":21},"end":{"line":28,"column":23}},"line":28},"3":{"name":"(anonymous_3)","decl":{"start":{"line":29,"column":17},"end":{"line":29,"column":18}},"loc":{"start":{"line":29,"column":23},"end":{"line":29,"column":25}},"line":29},"4":{"name":"(anonymous_4)","decl":{"start":{"line":38,"column":15},"end":{"line":38,"column":16}},"loc":{"start":{"line":38,"column":21},"end":{"line":38,"column":35}},"line":38},"5":{"name":"(anonymous_5)","decl":{"start":{"line":44,"column":18},"end":{"line":44,"column":19}},"loc":{"start":{"line":44,"column":24},"end":{"line":44,"column":87}},"line":44}},"branchMap":{},"s":{"0":4,"1":7,"2":7,"3":7,"4":0,"5":1,"6":7,"7":7,"8":7,"9":4,"10":3,"11":3,"12":4},"f":{"0":7,"1":7,"2":0,"3":0,"4":0,"5":1},"b":{},"_coverageSchema":"1a1c01bbd47fc00a2c39e90264f33305004495a9","hash":"974981fc6c759f9949952ff05cb0fb8683cfeb88"}
,"/Users/MiLaShem/Documents/GitHub/cc/src/core/UserChain.js": {"path":"/Users/MiLaShem/Documents/GitHub/cc/src/core/UserChain.js","statementMap":{"0":{"start":{"line":2,"column":14},"end":{"line":2,"column":32}},"1":{"start":{"line":3,"column":23},"end":{"line":3,"column":50}},"2":{"start":{"line":7,"column":4},"end":{"line":7,"column":25}},"3":{"start":{"line":8,"column":4},"end":{"line":8,"column":45}},"4":{"start":{"line":9,"column":4},"end":{"line":9,"column":34}},"5":{"start":{"line":10,"column":4},"end":{"line":10,"column":27}},"6":{"start":{"line":11,"column":4},"end":{"line":15,"column":6}},"7":{"start":{"line":19,"column":4},"end":{"line":19,"column":82}},"8":{"start":{"line":23,"column":4},"end":{"line":23,"column":45}},"9":{"start":{"line":27,"column":26},"end":{"line":27,"column":47}},"10":{"start":{"line":29,"column":21},"end":{"line":29,"column":24}},"11":{"start":{"line":30,"column":6},"end":{"line":35,"column":7}},"12":{"start":{"line":31,"column":10},"end":{"line":31,"column":38}},"13":{"start":{"line":34,"column":10},"end":{"line":34,"column":38}},"14":{"start":{"line":37,"column":23},"end":{"line":43,"column":7}},"15":{"start":{"line":45,"column":6},"end":{"line":47,"column":7}},"16":{"start":{"line":46,"column":10},"end":{"line":46,"column":54}},"17":{"start":{"line":49,"column":6},"end":{"line":49,"column":30}},"18":{"start":{"line":50,"column":6},"end":{"line":50,"column":22}},"19":{"start":{"line":55,"column":21},"end":{"line":55,"column":42}},"20":{"start":{"line":56,"column":6},"end":{"line":58,"column":7}},"21":{"start":{"line":57,"column":10},"end":{"line":57,"column":105}},"22":{"start":{"line":60,"column":6},"end":{"line":62,"column":7}},"23":{"start":{"line":61,"column":10},"end":{"line":61,"column":49}},"24":{"start":{"line":65,"column":6},"end":{"line":71,"column":7}},"25":{"start":{"line":66,"column":28},"end":{"line":66,"column":94}},"26":{"start":{"line":68,"column":10},"end":{"line":70,"column":11}},"27":{"start":{"line":69,"column":14},"end":{"line":69,"column":57}},"28":{"start":{"line":74,"column":6},"end":{"line":74,"column":30}},"29":{"start":{"line":76,"column":6},"end":{"line":76,"column":29}},"30":{"start":{"line":80,"column":23},"end":{"line":80,"column":40}},"31":{"start":{"line":82,"column":6},"end":{"line":107,"column":7}},"32":{"start":{"line":84,"column":14},"end":{"line":84,"column":90}},"33":{"start":{"line":84,"column":42},"end":{"line":84,"column":90}},"34":{"start":{"line":85,"column":14},"end":{"line":85,"column":52}},"35":{"start":{"line":86,"column":14},"end":{"line":86,"column":56}},"36":{"start":{"line":87,"column":14},"end":{"line":87,"column":20}},"37":{"start":{"line":90,"column":14},"end":{"line":90,"column":52}},"38":{"start":{"line":91,"column":14},"end":{"line":91,"column":20}},"39":{"start":{"line":94,"column":14},"end":{"line":94,"column":52}},"40":{"start":{"line":95,"column":14},"end":{"line":95,"column":20}},"41":{"start":{"line":98,"column":30},"end":{"line":98,"column":50}},"42":{"start":{"line":99,"column":43},"end":{"line":104,"column":16}},"43":{"start":{"line":105,"column":15},"end":{"line":105,"column":60}},"44":{"start":{"line":106,"column":15},"end":{"line":106,"column":21}},"45":{"start":{"line":109,"column":6},"end":{"line":109,"column":34}},"46":{"start":{"line":110,"column":6},"end":{"line":110,"column":28}},"47":{"start":{"line":114,"column":6},"end":{"line":114,"column":50}},"48":{"start":{"line":118,"column":6},"end":{"line":118,"column":87}},"49":{"start":{"line":122,"column":6},"end":{"line":122,"column":83}},"50":{"start":{"line":126,"column":4},"end":{"line":139,"column":5}},"51":{"start":{"line":126,"column":17},"end":{"line":126,"column":18}},"52":{"start":{"line":127,"column":27},"end":{"line":127,"column":40}},"53":{"start":{"line":128,"column":28},"end":{"line":128,"column":45}},"54":{"start":{"line":130,"column":30},"end":{"line":130,"column":117}},"55":{"start":{"line":132,"column":6},"end":{"line":134,"column":7}},"56":{"start":{"line":133,"column":8},"end":{"line":133,"column":21}},"57":{"start":{"line":136,"column":6},"end":{"line":138,"column":7}},"58":{"start":{"line":137,"column":8},"end":{"line":137,"column":21}},"59":{"start":{"line":140,"column":4},"end":{"line":140,"column":16}},"60":{"start":{"line":144,"column":6},"end":{"line":148,"column":8}},"61":{"start":{"line":152,"column":0},"end":{"line":152,"column":27}}},"fnMap":{"0":{"name":"(anonymous_0)","decl":{"start":{"line":6,"column":2},"end":{"line":6,"column":3}},"loc":{"start":{"line":6,"column":31},"end":{"line":16,"column":3}},"line":6},"1":{"name":"(anonymous_1)","decl":{"start":{"line":18,"column":2},"end":{"line":18,"column":3}},"loc":{"start":{"line":18,"column":23},"end":{"line":20,"column":3}},"line":18},"2":{"name":"(anonymous_2)","decl":{"start":{"line":22,"column":2},"end":{"line":22,"column":3}},"loc":{"start":{"line":22,"column":19},"end":{"line":24,"column":3}},"line":22},"3":{"name":"(anonymous_3)","decl":{"start":{"line":26,"column":2},"end":{"line":26,"column":3}},"loc":{"start":{"line":26,"column":26},"end":{"line":51,"column":3}},"line":26},"4":{"name":"(anonymous_4)","decl":{"start":{"line":53,"column":2},"end":{"line":53,"column":3}},"loc":{"start":{"line":53,"column":18},"end":{"line":77,"column":3}},"line":53},"5":{"name":"(anonymous_5)","decl":{"start":{"line":79,"column":2},"end":{"line":79,"column":3}},"loc":{"start":{"line":79,"column":21},"end":{"line":111,"column":3}},"line":79},"6":{"name":"(anonymous_6)","decl":{"start":{"line":113,"column":2},"end":{"line":113,"column":3}},"loc":{"start":{"line":113,"column":15},"end":{"line":115,"column":3}},"line":113},"7":{"name":"(anonymous_7)","decl":{"start":{"line":117,"column":2},"end":{"line":117,"column":3}},"loc":{"start":{"line":117,"column":39},"end":{"line":119,"column":3}},"line":117},"8":{"name":"(anonymous_8)","decl":{"start":{"line":121,"column":2},"end":{"line":121,"column":3}},"loc":{"start":{"line":121,"column":59},"end":{"line":123,"column":3}},"line":121},"9":{"name":"(anonymous_9)","decl":{"start":{"line":125,"column":2},"end":{"line":125,"column":3}},"loc":{"start":{"line":125,"column":17},"end":{"line":141,"column":3}},"line":125},"10":{"name":"(anonymous_10)","decl":{"start":{"line":143,"column":2},"end":{"line":143,"column":3}},"loc":{"start":{"line":143,"column":22},"end":{"line":149,"column":3}},"line":143}},"branchMap":{"0":{"loc":{"start":{"line":30,"column":6},"end":{"line":35,"column":7}},"type":"if","locations":[{"start":{"line":30,"column":6},"end":{"line":35,"column":7}},{"start":{"line":32,"column":13},"end":{"line":35,"column":7}}],"line":30},"1":{"loc":{"start":{"line":45,"column":6},"end":{"line":47,"column":7}},"type":"if","locations":[{"start":{"line":45,"column":6},"end":{"line":47,"column":7}},{"start":{},"end":{}}],"line":45},"2":{"loc":{"start":{"line":45,"column":10},"end":{"line":45,"column":49}},"type":"binary-expr","locations":[{"start":{"line":45,"column":10},"end":{"line":45,"column":22}},{"start":{"line":45,"column":26},"end":{"line":45,"column":49}}],"line":45},"3":{"loc":{"start":{"line":56,"column":6},"end":{"line":58,"column":7}},"type":"if","locations":[{"start":{"line":56,"column":6},"end":{"line":58,"column":7}},{"start":{},"end":{}}],"line":56},"4":{"loc":{"start":{"line":60,"column":6},"end":{"line":62,"column":7}},"type":"if","locations":[{"start":{"line":60,"column":6},"end":{"line":62,"column":7}},{"start":{},"end":{}}],"line":60},"5":{"loc":{"start":{"line":65,"column":6},"end":{"line":71,"column":7}},"type":"if","locations":[{"start":{"line":65,"column":6},"end":{"line":71,"column":7}},{"start":{},"end":{}}],"line":65},"6":{"loc":{"start":{"line":65,"column":10},"end":{"line":65,"column":48}},"type":"binary-expr","locations":[{"start":{"line":65,"column":10},"end":{"line":65,"column":22}},{"start":{"line":65,"column":26},"end":{"line":65,"column":48}}],"line":65},"7":{"loc":{"start":{"line":66,"column":28},"end":{"line":66,"column":94}},"type":"cond-expr","locations":[{"start":{"line":66,"column":53},"end":{"line":66,"column":58}},{"start":{"line":66,"column":61},"end":{"line":66,"column":94}}],"line":66},"8":{"loc":{"start":{"line":68,"column":10},"end":{"line":70,"column":11}},"type":"if","locations":[{"start":{"line":68,"column":10},"end":{"line":70,"column":11}},{"start":{},"end":{}}],"line":68},"9":{"loc":{"start":{"line":82,"column":6},"end":{"line":107,"column":7}},"type":"switch","locations":[{"start":{"line":83,"column":10},"end":{"line":87,"column":20}},{"start":{"line":89,"column":10},"end":{"line":91,"column":20}},{"start":{"line":93,"column":10},"end":{"line":95,"column":20}},{"start":{"line":97,"column":10},"end":{"line":106,"column":21}}],"line":82},"10":{"loc":{"start":{"line":84,"column":14},"end":{"line":84,"column":90}},"type":"if","locations":[{"start":{"line":84,"column":14},"end":{"line":84,"column":90}},{"start":{},"end":{}}],"line":84},"11":{"loc":{"start":{"line":130,"column":30},"end":{"line":130,"column":117}},"type":"cond-expr","locations":[{"start":{"line":130,"column":62},"end":{"line":130,"column":74}},{"start":{"line":130,"column":77},"end":{"line":130,"column":117}}],"line":130},"12":{"loc":{"start":{"line":132,"column":6},"end":{"line":134,"column":7}},"type":"if","locations":[{"start":{"line":132,"column":6},"end":{"line":134,"column":7}},{"start":{},"end":{}}],"line":132},"13":{"loc":{"start":{"line":136,"column":6},"end":{"line":138,"column":7}},"type":"if","locations":[{"start":{"line":136,"column":6},"end":{"line":138,"column":7}},{"start":{},"end":{}}],"line":136}},"s":{"0":3,"1":3,"2":15,"3":15,"4":15,"5":15,"6":15,"7":15,"8":24,"9":12,"10":12,"11":12,"12":12,"13":0,"14":12,"15":12,"16":12,"17":12,"18":12,"19":12,"20":12,"21":0,"22":12,"23":0,"24":12,"25":12,"26":12,"27":0,"28":12,"29":12,"30":13,"31":13,"32":9,"33":0,"34":9,"35":9,"36":9,"37":2,"38":2,"39":0,"40":0,"41":2,"42":2,"43":2,"44":2,"45":13,"46":13,"47":8,"48":2,"49":0,"50":2,"51":2,"52":3,"53":3,"54":3,"55":3,"56":1,"57":2,"58":0,"59":1,"60":3,"61":3},"f":{"0":15,"1":15,"2":24,"3":12,"4":12,"5":13,"6":8,"7":2,"8":0,"9":2,"10":3},"b":{"0":[12,0],"1":[12,0],"2":[12,12],"3":[0,12],"4":[0,12],"5":[12,0],"6":[12,12],"7":[12,0],"8":[0,12],"9":[9,2,0,2],"10":[0,9],"11":[3,0],"12":[1,2],"13":[0,2]},"_coverageSchema":"1a1c01bbd47fc00a2c39e90264f33305004495a9","hash":"79c876a9d27de426c5fd7760e8f0518ac8b42649"}
,"/Users/MiLaShem/Documents/GitHub/cc/src/core/UserNode.js": {"path":"/Users/MiLaShem/Documents/GitHub/cc/src/core/UserNode.js","statementMap":{"0":{"start":{"line":2,"column":18},"end":{"line":2,"column":40}},"1":{"start":{"line":3,"column":18},"end":{"line":3,"column":48}},"2":{"start":{"line":4,"column":15},"end":{"line":4,"column":32}},"3":{"start":{"line":5,"column":11},"end":{"line":5,"column":24}},"4":{"start":{"line":6,"column":13},"end":{"line":6,"column":28}},"5":{"start":{"line":10,"column":4},"end":{"line":10,"column":25}},"6":{"start":{"line":11,"column":4},"end":{"line":11,"column":54}},"7":{"start":{"line":14,"column":4},"end":{"line":16,"column":5}},"8":{"start":{"line":15,"column":8},"end":{"line":15,"column":56}},"9":{"start":{"line":19,"column":4},"end":{"line":19,"column":45}},"10":{"start":{"line":22,"column":4},"end":{"line":22,"column":53}},"11":{"start":{"line":23,"column":4},"end":{"line":23,"column":21}},"12":{"start":{"line":25,"column":4},"end":{"line":25,"column":43}},"13":{"start":{"line":29,"column":4},"end":{"line":29,"column":36}},"14":{"start":{"line":30,"column":4},"end":{"line":30,"column":30}},"15":{"start":{"line":33,"column":4},"end":{"line":33,"column":20}},"16":{"start":{"line":37,"column":22},"end":{"line":37,"column":73}},"17":{"start":{"line":38,"column":6},"end":{"line":40,"column":7}},"18":{"start":{"line":39,"column":10},"end":{"line":39,"column":62}},"19":{"start":{"line":41,"column":40},"end":{"line":45,"column":8}},"20":{"start":{"line":46,"column":19},"end":{"line":46,"column":44}},"21":{"start":{"line":47,"column":6},"end":{"line":47,"column":63}},"22":{"start":{"line":48,"column":6},"end":{"line":48,"column":18}},"23":{"start":{"line":52,"column":24},"end":{"line":52,"column":76}},"24":{"start":{"line":53,"column":6},"end":{"line":67,"column":7}},"25":{"start":{"line":54,"column":23},"end":{"line":54,"column":69}},"26":{"start":{"line":55,"column":10},"end":{"line":55,"column":34}},"27":{"start":{"line":58,"column":10},"end":{"line":58,"column":81}},"28":{"start":{"line":59,"column":10},"end":{"line":65,"column":11}},"29":{"start":{"line":59,"column":23},"end":{"line":59,"column":24}},"30":{"start":{"line":60,"column":14},"end":{"line":64,"column":15}},"31":{"start":{"line":61,"column":16},"end":{"line":61,"column":60}},"32":{"start":{"line":63,"column":18},"end":{"line":63,"column":74}},"33":{"start":{"line":66,"column":10},"end":{"line":66,"column":93}},"34":{"start":{"line":71,"column":24},"end":{"line":71,"column":76}},"35":{"start":{"line":72,"column":6},"end":{"line":72,"column":77}},"36":{"start":{"line":79,"column":20},"end":{"line":79,"column":48}},"37":{"start":{"line":80,"column":6},"end":{"line":87,"column":9}},"38":{"start":{"line":81,"column":10},"end":{"line":86,"column":11}},"39":{"start":{"line":82,"column":35},"end":{"line":82,"column":91}},"40":{"start":{"line":83,"column":27},"end":{"line":83,"column":93}},"41":{"start":{"line":84,"column":14},"end":{"line":84,"column":58}},"42":{"start":{"line":85,"column":14},"end":{"line":85,"column":71}},"43":{"start":{"line":91,"column":23},"end":{"line":91,"column":85}},"44":{"start":{"line":92,"column":6},"end":{"line":92,"column":69}},"45":{"start":{"line":93,"column":6},"end":{"line":93,"column":55}},"46":{"start":{"line":104,"column":27},"end":{"line":104,"column":70}},"47":{"start":{"line":105,"column":6},"end":{"line":108,"column":7}},"48":{"start":{"line":106,"column":10},"end":{"line":106,"column":93}},"49":{"start":{"line":107,"column":10},"end":{"line":107,"column":58}},"50":{"start":{"line":117,"column":46},"end":{"line":117,"column":53}},"51":{"start":{"line":118,"column":29},"end":{"line":118,"column":63}},"52":{"start":{"line":119,"column":6},"end":{"line":121,"column":7}},"53":{"start":{"line":120,"column":10},"end":{"line":120,"column":48}},"54":{"start":{"line":123,"column":20},"end":{"line":132,"column":8}},"55":{"start":{"line":133,"column":6},"end":{"line":133,"column":23}},"56":{"start":{"line":134,"column":6},"end":{"line":134,"column":49}},"57":{"start":{"line":138,"column":6},"end":{"line":140,"column":7}},"58":{"start":{"line":139,"column":10},"end":{"line":139,"column":55}},"59":{"start":{"line":141,"column":6},"end":{"line":141,"column":15}},"60":{"start":{"line":145,"column":6},"end":{"line":145,"column":50}},"61":{"start":{"line":149,"column":20},"end":{"line":149,"column":43}},"62":{"start":{"line":150,"column":6},"end":{"line":150,"column":23}},"63":{"start":{"line":151,"column":6},"end":{"line":151,"column":19}},"64":{"start":{"line":155,"column":20},"end":{"line":155,"column":67}},"65":{"start":{"line":156,"column":6},"end":{"line":156,"column":23}},"66":{"start":{"line":157,"column":6},"end":{"line":157,"column":19}},"67":{"start":{"line":161,"column":20},"end":{"line":161,"column":87}},"68":{"start":{"line":162,"column":6},"end":{"line":162,"column":23}},"69":{"start":{"line":163,"column":6},"end":{"line":163,"column":19}},"70":{"start":{"line":167,"column":0},"end":{"line":167,"column":26}}},"fnMap":{"0":{"name":"(anonymous_0)","decl":{"start":{"line":9,"column":2},"end":{"line":9,"column":3}},"loc":{"start":{"line":9,"column":22},"end":{"line":34,"column":3}},"line":9},"1":{"name":"(anonymous_1)","decl":{"start":{"line":36,"column":2},"end":{"line":36,"column":3}},"loc":{"start":{"line":36,"column":23},"end":{"line":49,"column":3}},"line":36},"2":{"name":"(anonymous_2)","decl":{"start":{"line":51,"column":2},"end":{"line":51,"column":3}},"loc":{"start":{"line":51,"column":14},"end":{"line":68,"column":3}},"line":51},"3":{"name":"(anonymous_3)","decl":{"start":{"line":70,"column":2},"end":{"line":70,"column":3}},"loc":{"start":{"line":70,"column":14},"end":{"line":73,"column":3}},"line":70},"4":{"name":"(anonymous_4)","decl":{"start":{"line":77,"column":2},"end":{"line":77,"column":3}},"loc":{"start":{"line":77,"column":23},"end":{"line":88,"column":3}},"line":77},"5":{"name":"(anonymous_5)","decl":{"start":{"line":80,"column":20},"end":{"line":80,"column":21}},"loc":{"start":{"line":80,"column":28},"end":{"line":87,"column":7}},"line":80},"6":{"name":"(anonymous_6)","decl":{"start":{"line":90,"column":2},"end":{"line":90,"column":3}},"loc":{"start":{"line":90,"column":45},"end":{"line":94,"column":3}},"line":90},"7":{"name":"(anonymous_7)","decl":{"start":{"line":100,"column":2},"end":{"line":100,"column":3}},"loc":{"start":{"line":100,"column":47},"end":{"line":109,"column":3}},"line":100},"8":{"name":"(anonymous_8)","decl":{"start":{"line":116,"column":2},"end":{"line":116,"column":3}},"loc":{"start":{"line":116,"column":33},"end":{"line":135,"column":3}},"line":116},"9":{"name":"(anonymous_9)","decl":{"start":{"line":137,"column":2},"end":{"line":137,"column":3}},"loc":{"start":{"line":137,"column":40},"end":{"line":142,"column":3}},"line":137},"10":{"name":"(anonymous_10)","decl":{"start":{"line":144,"column":2},"end":{"line":144,"column":3}},"loc":{"start":{"line":144,"column":28},"end":{"line":146,"column":3}},"line":144},"11":{"name":"(anonymous_11)","decl":{"start":{"line":148,"column":2},"end":{"line":148,"column":3}},"loc":{"start":{"line":148,"column":15},"end":{"line":152,"column":3}},"line":148},"12":{"name":"(anonymous_12)","decl":{"start":{"line":154,"column":2},"end":{"line":154,"column":3}},"loc":{"start":{"line":154,"column":39},"end":{"line":158,"column":3}},"line":154},"13":{"name":"(anonymous_13)","decl":{"start":{"line":160,"column":2},"end":{"line":160,"column":3}},"loc":{"start":{"line":160,"column":59},"end":{"line":164,"column":3}},"line":160}},"branchMap":{"0":{"loc":{"start":{"line":14,"column":4},"end":{"line":16,"column":5}},"type":"if","locations":[{"start":{"line":14,"column":4},"end":{"line":16,"column":5}},{"start":{},"end":{}}],"line":14},"1":{"loc":{"start":{"line":38,"column":6},"end":{"line":40,"column":7}},"type":"if","locations":[{"start":{"line":38,"column":6},"end":{"line":40,"column":7}},{"start":{},"end":{}}],"line":38},"2":{"loc":{"start":{"line":53,"column":6},"end":{"line":67,"column":7}},"type":"if","locations":[{"start":{"line":53,"column":6},"end":{"line":67,"column":7}},{"start":{},"end":{}}],"line":53},"3":{"loc":{"start":{"line":81,"column":10},"end":{"line":86,"column":11}},"type":"if","locations":[{"start":{"line":81,"column":10},"end":{"line":86,"column":11}},{"start":{},"end":{}}],"line":81},"4":{"loc":{"start":{"line":81,"column":14},"end":{"line":81,"column":74}},"type":"binary-expr","locations":[{"start":{"line":81,"column":14},"end":{"line":81,"column":42}},{"start":{"line":81,"column":46},"end":{"line":81,"column":74}}],"line":81},"5":{"loc":{"start":{"line":104,"column":27},"end":{"line":104,"column":70}},"type":"binary-expr","locations":[{"start":{"line":104,"column":27},"end":{"line":104,"column":64}},{"start":{"line":104,"column":68},"end":{"line":104,"column":70}}],"line":104},"6":{"loc":{"start":{"line":105,"column":6},"end":{"line":108,"column":7}},"type":"if","locations":[{"start":{"line":105,"column":6},"end":{"line":108,"column":7}},{"start":{},"end":{}}],"line":105},"7":{"loc":{"start":{"line":119,"column":6},"end":{"line":121,"column":7}},"type":"if","locations":[{"start":{"line":119,"column":6},"end":{"line":121,"column":7}},{"start":{},"end":{}}],"line":119},"8":{"loc":{"start":{"line":138,"column":6},"end":{"line":140,"column":7}},"type":"if","locations":[{"start":{"line":138,"column":6},"end":{"line":140,"column":7}},{"start":{},"end":{}}],"line":138},"9":{"loc":{"start":{"line":138,"column":10},"end":{"line":138,"column":74}},"type":"binary-expr","locations":[{"start":{"line":138,"column":10},"end":{"line":138,"column":33}},{"start":{"line":138,"column":37},"end":{"line":138,"column":74}}],"line":138}},"s":{"0":2,"1":2,"2":2,"3":2,"4":2,"5":10,"6":10,"7":10,"8":0,"9":10,"10":10,"11":10,"12":10,"13":10,"14":10,"15":10,"16":10,"17":10,"18":3,"19":7,"20":7,"21":7,"22":7,"23":10,"24":10,"25":1,"26":1,"27":1,"28":1,"29":1,"30":1,"31":1,"32":0,"33":1,"34":3,"35":3,"36":10,"37":10,"38":12,"39":0,"40":0,"41":0,"42":0,"43":0,"44":0,"45":0,"46":0,"47":0,"48":0,"49":0,"50":1,"51":1,"52":1,"53":0,"54":1,"55":1,"56":1,"57":1,"58":1,"59":0,"60":0,"61":2,"62":2,"63":2,"64":0,"65":0,"66":0,"67":0,"68":0,"69":0,"70":2},"f":{"0":10,"1":10,"2":10,"3":3,"4":10,"5":12,"6":0,"7":0,"8":1,"9":1,"10":0,"11":2,"12":0,"13":0},"b":{"0":[0,10],"1":[3,7],"2":[1,9],"3":[0,12],"4":[12,0],"5":[0,0],"6":[0,0],"7":[0,1],"8":[1,0],"9":[1,1]},"_coverageSchema":"1a1c01bbd47fc00a2c39e90264f33305004495a9","hash":"0856f79fa483b1d44ca61948cc31e4a5dd9e8a58"}
,"/Users/MiLaShem/Documents/GitHub/cc/src/network/P2P.js": {"path":"/Users/MiLaShem/Documents/GitHub/cc/src/network/P2P.js","statementMap":{"0":{"start":{"line":2,"column":18},"end":{"line":2,"column":31}},"1":{"start":{"line":4,"column":22},"end":{"line":10,"column":1}},"2":{"start":{"line":14,"column":8},"end":{"line":14,"column":26}},"3":{"start":{"line":15,"column":8},"end":{"line":15,"column":33}},"4":{"start":{"line":16,"column":8},"end":{"line":16,"column":35}},"5":{"start":{"line":18,"column":8},"end":{"line":18,"column":53}},"6":{"start":{"line":19,"column":8},"end":{"line":19,"column":87}},"7":{"start":{"line":19,"column":54},"end":{"line":19,"column":85}},"8":{"start":{"line":21,"column":8},"end":{"line":21,"column":61}},"9":{"start":{"line":25,"column":23},"end":{"line":25,"column":45}},"10":{"start":{"line":26,"column":8},"end":{"line":26,"column":34}},"11":{"start":{"line":27,"column":8},"end":{"line":27,"column":60}},"12":{"start":{"line":27,"column":32},"end":{"line":27,"column":58}},"13":{"start":{"line":28,"column":8},"end":{"line":28,"column":101}},"14":{"start":{"line":28,"column":36},"end":{"line":28,"column":99}},"15":{"start":{"line":32,"column":8},"end":{"line":32,"column":34}},"16":{"start":{"line":33,"column":8},"end":{"line":33,"column":40}},"17":{"start":{"line":35,"column":8},"end":{"line":37,"column":9}},"18":{"start":{"line":36,"column":12},"end":{"line":36,"column":55}},"19":{"start":{"line":39,"column":8},"end":{"line":46,"column":11}},"20":{"start":{"line":40,"column":12},"end":{"line":45,"column":13}},"21":{"start":{"line":41,"column":29},"end":{"line":41,"column":48}},"22":{"start":{"line":42,"column":16},"end":{"line":42,"column":49}},"23":{"start":{"line":44,"column":16},"end":{"line":44,"column":61}},"24":{"start":{"line":48,"column":8},"end":{"line":51,"column":11}},"25":{"start":{"line":49,"column":12},"end":{"line":49,"column":66}},"26":{"start":{"line":49,"column":52},"end":{"line":49,"column":64}},"27":{"start":{"line":50,"column":12},"end":{"line":50,"column":78}},"28":{"start":{"line":53,"column":8},"end":{"line":53,"column":35}},"29":{"start":{"line":57,"column":8},"end":{"line":141,"column":9}},"30":{"start":{"line":59,"column":16},"end":{"line":59,"column":87}},"31":{"start":{"line":60,"column":16},"end":{"line":60,"column":55}},"32":{"start":{"line":63,"column":16},"end":{"line":66,"column":19}},"33":{"start":{"line":67,"column":16},"end":{"line":67,"column":22}},"34":{"start":{"line":70,"column":16},"end":{"line":70,"column":39}},"35":{"start":{"line":71,"column":16},"end":{"line":71,"column":22}},"36":{"start":{"line":75,"column":42},"end":{"line":75,"column":57}},"37":{"start":{"line":76,"column":16},"end":{"line":78,"column":17}},"38":{"start":{"line":77,"column":20},"end":{"line":77,"column":69}},"39":{"start":{"line":79,"column":16},"end":{"line":79,"column":22}},"40":{"start":{"line":82,"column":30},"end":{"line":82,"column":45}},"41":{"start":{"line":88,"column":16},"end":{"line":98,"column":17}},"42":{"start":{"line":94,"column":20},"end":{"line":97,"column":23}},"43":{"start":{"line":101,"column":16},"end":{"line":123,"column":17}},"44":{"start":{"line":102,"column":20},"end":{"line":102,"column":110}},"45":{"start":{"line":103,"column":20},"end":{"line":122,"column":21}},"46":{"start":{"line":104,"column":48},"end":{"line":106,"column":25}},"47":{"start":{"line":105,"column":28},"end":{"line":105,"column":89}},"48":{"start":{"line":108,"column":24},"end":{"line":119,"column":25}},"49":{"start":{"line":109,"column":49},"end":{"line":113,"column":29}},"50":{"start":{"line":114,"column":28},"end":{"line":114,"column":80}},"51":{"start":{"line":115,"column":28},"end":{"line":118,"column":31}},"52":{"start":{"line":121,"column":24},"end":{"line":121,"column":78}},"53":{"start":{"line":124,"column":16},"end":{"line":124,"column":22}},"54":{"start":{"line":127,"column":16},"end":{"line":139,"column":17}},"55":{"start":{"line":128,"column":20},"end":{"line":138,"column":21}},"56":{"start":{"line":129,"column":39},"end":{"line":129,"column":91}},"57":{"start":{"line":130,"column":24},"end":{"line":135,"column":25}},"58":{"start":{"line":131,"column":28},"end":{"line":134,"column":31}},"59":{"start":{"line":137,"column":24},"end":{"line":137,"column":77}},"60":{"start":{"line":140,"column":16},"end":{"line":140,"column":22}},"61":{"start":{"line":145,"column":8},"end":{"line":152,"column":11}},"62":{"start":{"line":156,"column":8},"end":{"line":162,"column":11}},"63":{"start":{"line":166,"column":8},"end":{"line":168,"column":9}},"64":{"start":{"line":167,"column":12},"end":{"line":167,"column":49}},"65":{"start":{"line":172,"column":8},"end":{"line":172,"column":67}},"66":{"start":{"line":172,"column":39},"end":{"line":172,"column":65}},"67":{"start":{"line":176,"column":8},"end":{"line":179,"column":12}},"68":{"start":{"line":176,"column":38},"end":{"line":179,"column":9}},"69":{"start":{"line":183,"column":0},"end":{"line":183,"column":40}}},"fnMap":{"0":{"name":"(anonymous_0)","decl":{"start":{"line":13,"column":4},"end":{"line":13,"column":5}},"loc":{"start":{"line":13,"column":32},"end":{"line":22,"column":5}},"line":13},"1":{"name":"(anonymous_1)","decl":{"start":{"line":19,"column":37},"end":{"line":19,"column":38}},"loc":{"start":{"line":19,"column":54},"end":{"line":19,"column":85}},"line":19},"2":{"name":"(anonymous_2)","decl":{"start":{"line":24,"column":4},"end":{"line":24,"column":5}},"loc":{"start":{"line":24,"column":27},"end":{"line":29,"column":5}},"line":24},"3":{"name":"(anonymous_3)","decl":{"start":{"line":27,"column":26},"end":{"line":27,"column":27}},"loc":{"start":{"line":27,"column":32},"end":{"line":27,"column":58}},"line":27},"4":{"name":"(anonymous_4)","decl":{"start":{"line":28,"column":27},"end":{"line":28,"column":28}},"loc":{"start":{"line":28,"column":36},"end":{"line":28,"column":99}},"line":28},"5":{"name":"(anonymous_5)","decl":{"start":{"line":31,"column":4},"end":{"line":31,"column":5}},"loc":{"start":{"line":31,"column":38},"end":{"line":54,"column":5}},"line":31},"6":{"name":"(anonymous_6)","decl":{"start":{"line":39,"column":29},"end":{"line":39,"column":30}},"loc":{"start":{"line":39,"column":40},"end":{"line":46,"column":9}},"line":39},"7":{"name":"(anonymous_7)","decl":{"start":{"line":48,"column":27},"end":{"line":48,"column":28}},"loc":{"start":{"line":48,"column":33},"end":{"line":51,"column":9}},"line":48},"8":{"name":"(anonymous_8)","decl":{"start":{"line":49,"column":47},"end":{"line":49,"column":48}},"loc":{"start":{"line":49,"column":52},"end":{"line":49,"column":64}},"line":49},"9":{"name":"(anonymous_9)","decl":{"start":{"line":56,"column":4},"end":{"line":56,"column":5}},"loc":{"start":{"line":56,"column":35},"end":{"line":142,"column":5}},"line":56},"10":{"name":"(anonymous_10)","decl":{"start":{"line":104,"column":79},"end":{"line":104,"column":80}},"loc":{"start":{"line":105,"column":28},"end":{"line":105,"column":89}},"line":105},"11":{"name":"(anonymous_11)","decl":{"start":{"line":144,"column":4},"end":{"line":144,"column":5}},"loc":{"start":{"line":144,"column":26},"end":{"line":153,"column":5}},"line":144},"12":{"name":"(anonymous_12)","decl":{"start":{"line":155,"column":4},"end":{"line":155,"column":5}},"loc":{"start":{"line":155,"column":22},"end":{"line":163,"column":5}},"line":155},"13":{"name":"(anonymous_13)","decl":{"start":{"line":165,"column":4},"end":{"line":165,"column":5}},"loc":{"start":{"line":165,"column":26},"end":{"line":169,"column":5}},"line":165},"14":{"name":"(anonymous_14)","decl":{"start":{"line":171,"column":4},"end":{"line":171,"column":5}},"loc":{"start":{"line":171,"column":23},"end":{"line":173,"column":5}},"line":171},"15":{"name":"(anonymous_15)","decl":{"start":{"line":172,"column":29},"end":{"line":172,"column":30}},"loc":{"start":{"line":172,"column":39},"end":{"line":172,"column":65}},"line":172},"16":{"name":"(anonymous_16)","decl":{"start":{"line":175,"column":4},"end":{"line":175,"column":5}},"loc":{"start":{"line":175,"column":24},"end":{"line":180,"column":5}},"line":175},"17":{"name":"(anonymous_17)","decl":{"start":{"line":176,"column":32},"end":{"line":176,"column":33}},"loc":{"start":{"line":176,"column":38},"end":{"line":179,"column":9}},"line":176}},"branchMap":{"0":{"loc":{"start":{"line":31,"column":26},"end":{"line":31,"column":36}},"type":"default-arg","locations":[{"start":{"line":31,"column":32},"end":{"line":31,"column":36}}],"line":31},"1":{"loc":{"start":{"line":35,"column":8},"end":{"line":37,"column":9}},"type":"if","locations":[{"start":{"line":35,"column":8},"end":{"line":37,"column":9}},{"start":{},"end":{}}],"line":35},"2":{"loc":{"start":{"line":50,"column":48},"end":{"line":50,"column":74}},"type":"binary-expr","locations":[{"start":{"line":50,"column":48},"end":{"line":50,"column":61}},{"start":{"line":50,"column":65},"end":{"line":50,"column":74}}],"line":50},"3":{"loc":{"start":{"line":57,"column":8},"end":{"line":141,"column":9}},"type":"switch","locations":[{"start":{"line":58,"column":12},"end":{"line":67,"column":22}},{"start":{"line":69,"column":12},"end":{"line":71,"column":22}},{"start":{"line":73,"column":12},"end":{"line":79,"column":22}},{"start":{"line":81,"column":12},"end":{"line":124,"column":22}},{"start":{"line":126,"column":12},"end":{"line":140,"column":22}}],"line":57},"4":{"loc":{"start":{"line":76,"column":16},"end":{"line":78,"column":17}},"type":"if","locations":[{"start":{"line":76,"column":16},"end":{"line":78,"column":17}},{"start":{},"end":{}}],"line":76},"5":{"loc":{"start":{"line":76,"column":20},"end":{"line":76,"column":35}},"type":"binary-expr","locations":[{"start":{"line":76,"column":20},"end":{"line":76,"column":26}},{"start":{"line":76,"column":30},"end":{"line":76,"column":35}}],"line":76},"6":{"loc":{"start":{"line":88,"column":16},"end":{"line":98,"column":17}},"type":"if","locations":[{"start":{"line":88,"column":16},"end":{"line":98,"column":17}},{"start":{},"end":{}}],"line":88},"7":{"loc":{"start":{"line":101,"column":16},"end":{"line":123,"column":17}},"type":"if","locations":[{"start":{"line":101,"column":16},"end":{"line":123,"column":17}},{"start":{},"end":{}}],"line":101},"8":{"loc":{"start":{"line":101,"column":20},"end":{"line":101,"column":107}},"type":"binary-expr","locations":[{"start":{"line":101,"column":20},"end":{"line":101,"column":33}},{"start":{"line":101,"column":37},"end":{"line":101,"column":58}},{"start":{"line":101,"column":62},"end":{"line":101,"column":107}}],"line":101},"9":{"loc":{"start":{"line":105,"column":28},"end":{"line":105,"column":89}},"type":"binary-expr","locations":[{"start":{"line":105,"column":28},"end":{"line":105,"column":48}},{"start":{"line":105,"column":52},"end":{"line":105,"column":89}}],"line":105},"10":{"loc":{"start":{"line":108,"column":24},"end":{"line":119,"column":25}},"type":"if","locations":[{"start":{"line":108,"column":24},"end":{"line":119,"column":25}},{"start":{},"end":{}}],"line":108},"11":{"loc":{"start":{"line":127,"column":16},"end":{"line":139,"column":17}},"type":"if","locations":[{"start":{"line":127,"column":16},"end":{"line":139,"column":17}},{"start":{},"end":{}}],"line":127},"12":{"loc":{"start":{"line":130,"column":24},"end":{"line":135,"column":25}},"type":"if","locations":[{"start":{"line":130,"column":24},"end":{"line":135,"column":25}},{"start":{},"end":{}}],"line":130},"13":{"loc":{"start":{"line":166,"column":8},"end":{"line":168,"column":9}},"type":"if","locations":[{"start":{"line":166,"column":8},"end":{"line":168,"column":9}},{"start":{},"end":{}}],"line":166},"14":{"loc":{"start":{"line":177,"column":20},"end":{"line":177,"column":41}},"type":"binary-expr","locations":[{"start":{"line":177,"column":20},"end":{"line":177,"column":28}},{"start":{"line":177,"column":32},"end":{"line":177,"column":41}}],"line":177},"15":{"loc":{"start":{"line":178,"column":17},"end":{"line":178,"column":52}},"type":"binary-expr","locations":[{"start":{"line":178,"column":17},"end":{"line":178,"column":27}},{"start":{"line":178,"column":31},"end":{"line":178,"column":52}}],"line":178}},"s":{"0":2,"1":2,"2":5,"3":5,"4":5,"5":5,"6":5,"7":0,"8":5,"9":0,"10":0,"11":0,"12":0,"13":0,"14":0,"15":1,"16":1,"17":1,"18":0,"19":1,"20":0,"21":0,"22":0,"23":0,"24":1,"25":0,"26":0,"27":0,"28":1,"29":4,"30":1,"31":1,"32":1,"33":1,"34":1,"35":1,"36":0,"37":0,"38":0,"39":0,"40":0,"41":0,"42":0,"43":0,"44":0,"45":0,"46":0,"47":0,"48":0,"49":0,"50":0,"51":0,"52":0,"53":0,"54":2,"55":2,"56":2,"57":2,"58":2,"59":0,"60":2,"61":1,"62":1,"63":4,"64":4,"65":2,"66":1,"67":0,"68":0,"69":2},"f":{"0":5,"1":0,"2":0,"3":0,"4":0,"5":1,"6":0,"7":0,"8":0,"9":4,"10":0,"11":1,"12":1,"13":4,"14":2,"15":1,"16":0,"17":0},"b":{"0":[1],"1":[0,1],"2":[0,0],"3":[1,1,0,0,2],"4":[0,0],"5":[0,0],"6":[0,0],"7":[0,0],"8":[0,0,0],"9":[0,0],"10":[0,0],"11":[2,0],"12":[2,0],"13":[4,0],"14":[0,0],"15":[0,0]},"_coverageSchema":"1a1c01bbd47fc00a2c39e90264f33305004495a9","hash":"8d76448b249fc0df8e2831a76d1a2ca4885c7f6b"}
,"/Users/MiLaShem/Documents/GitHub/cc/src/wallet/Portfolio.js": {"path":"/Users/MiLaShem/Documents/GitHub/cc/src/wallet/Portfolio.js","statementMap":{"0":{"start":{"line":6,"column":4},"end":{"line":6,"column":27}},"1":{"start":{"line":10,"column":4},"end":{"line":10,"column":28}},"2":{"start":{"line":19,"column":4},"end":{"line":19,"column":38}},"3":{"start":{"line":27,"column":4},"end":{"line":27,"column":42}},"4":{"start":{"line":34,"column":20},"end":{"line":34,"column":22}},"5":{"start":{"line":35,"column":4},"end":{"line":37,"column":5}},"6":{"start":{"line":36,"column":6},"end":{"line":36,"column":31}},"7":{"start":{"line":38,"column":4},"end":{"line":38,"column":19}},"8":{"start":{"line":49,"column":6},"end":{"line":60,"column":7}},"9":{"start":{"line":52,"column":10},"end":{"line":59,"column":11}},"10":{"start":{"line":53,"column":30},"end":{"line":53,"column":66}},"11":{"start":{"line":54,"column":14},"end":{"line":56,"column":15}},"12":{"start":{"line":55,"column":18},"end":{"line":55,"column":59}},"13":{"start":{"line":64,"column":0},"end":{"line":64,"column":27}}},"fnMap":{"0":{"name":"(anonymous_0)","decl":{"start":{"line":5,"column":2},"end":{"line":5,"column":3}},"loc":{"start":{"line":5,"column":23},"end":{"line":11,"column":3}},"line":5},"1":{"name":"(anonymous_1)","decl":{"start":{"line":18,"column":2},"end":{"line":18,"column":3}},"loc":{"start":{"line":18,"column":34},"end":{"line":20,"column":3}},"line":18},"2":{"name":"(anonymous_2)","decl":{"start":{"line":26,"column":2},"end":{"line":26,"column":3}},"loc":{"start":{"line":26,"column":23},"end":{"line":28,"column":3}},"line":26},"3":{"name":"(anonymous_3)","decl":{"start":{"line":33,"column":2},"end":{"line":33,"column":3}},"loc":{"start":{"line":33,"column":15},"end":{"line":39,"column":3}},"line":33},"4":{"name":"(anonymous_4)","decl":{"start":{"line":46,"column":2},"end":{"line":46,"column":3}},"loc":{"start":{"line":46,"column":36},"end":{"line":61,"column":3}},"line":46}},"branchMap":{"0":{"loc":{"start":{"line":27,"column":11},"end":{"line":27,"column":41}},"type":"binary-expr","locations":[{"start":{"line":27,"column":11},"end":{"line":27,"column":36}},{"start":{"line":27,"column":40},"end":{"line":27,"column":41}}],"line":27},"1":{"loc":{"start":{"line":54,"column":14},"end":{"line":56,"column":15}},"type":"if","locations":[{"start":{"line":54,"column":14},"end":{"line":56,"column":15}},{"start":{},"end":{}}],"line":54}},"s":{"0":13,"1":13,"2":3,"3":2,"4":1,"5":1,"6":2,"7":1,"8":0,"9":0,"10":0,"11":0,"12":0,"13":3},"f":{"0":13,"1":3,"2":2,"3":1,"4":0},"b":{"0":[2,1],"1":[0,0]},"_coverageSchema":"1a1c01bbd47fc00a2c39e90264f33305004495a9","hash":"b635e0e9e9f5ba5a7d7f4f74f16bdec6ceead30c"}
}
