TN:
SF:src/core/Block.js
FN:12,(anonymous_0)
FN:22,(anonymous_1)
FN:40,(anonymous_2)
FN:70,(anonymous_3)
FNF:4
FNH:4
FNDA:52,(anonymous_0)
FNDA:73,(anonymous_1)
FNDA:14,(anonymous_2)
FNDA:14,(anonymous_3)
DA:1,4
DA:13,52
DA:14,52
DA:15,52
DA:16,52
DA:17,52
DA:18,52
DA:19,52
DA:23,73
DA:51,14
DA:59,14
DA:60,14
DA:61,14
DA:62,14
DA:63,14
DA:71,14
DA:73,14
DA:81,14
DA:82,14
DA:83,14
DA:84,14
DA:88,4
LF:22
LH:22
BRDA:12,0,0,0
BRDA:12,1,0,5
BRDA:12,2,0,52
BRDA:71,3,0,0
BRDA:71,3,1,14
BRF:5
BRH:3
end_of_record
TN:
SF:src/core/ContractRunner.js
FN:4,(anonymous_0)
FN:16,(anonymous_1)
FN:28,(anonymous_2)
FN:29,(anonymous_3)
FN:38,(anonymous_4)
FN:44,(anonymous_5)
FNF:6
FNH:3
FNDA:7,(anonymous_0)
FNDA:7,(anonymous_1)
FNDA:0,(anonymous_2)
FNDA:0,(anonymous_3)
FNDA:0,(anonymous_4)
FNDA:1,(anonymous_5)
DA:1,4
DA:5,7
DA:18,7
DA:21,7
DA:38,0
DA:44,1
DA:48,7
DA:50,7
DA:52,7
DA:57,4
DA:59,3
DA:60,3
DA:65,4
LF:13
LH:12
BRF:0
BRH:0
end_of_record
TN:
SF:src/core/UserChain.js
FN:6,(anonymous_0)
FN:18,(anonymous_1)
FN:22,(anonymous_2)
FN:26,(anonymous_3)
FN:53,(anonymous_4)
FN:79,(anonymous_5)
FN:113,(anonymous_6)
FN:117,(anonymous_7)
FN:121,(anonymous_8)
FN:125,(anonymous_9)
FN:143,(anonymous_10)
FNF:11
FNH:10
FNDA:35,(anonymous_0)
FNDA:35,(anonymous_1)
FNDA:24,(anonymous_2)
FNDA:12,(anonymous_3)
FNDA:12,(anonymous_4)
FNDA:13,(anonymous_5)
FNDA:6,(anonymous_6)
FNDA:3,(anonymous_7)
FNDA:1,(anonymous_8)
FNDA:2,(anonymous_9)
FNDA:0,(anonymous_10)
DA:2,3
DA:3,3
DA:7,35
DA:8,35
DA:9,35
DA:10,35
DA:11,35
DA:19,35
DA:23,24
DA:27,12
DA:29,12
DA:30,12
DA:31,12
DA:34,0
DA:37,12
DA:45,12
DA:46,12
DA:49,12
DA:50,12
DA:55,12
DA:56,12
DA:57,0
DA:60,12
DA:61,0
DA:65,12
DA:66,12
DA:68,12
DA:69,0
DA:74,12
DA:76,12
DA:80,13
DA:82,13
DA:84,7
DA:85,7
DA:86,7
DA:87,7
DA:90,3
DA:91,3
DA:94,1
DA:95,1
DA:98,2
DA:99,2
DA:105,2
DA:106,2
DA:109,13
DA:110,13
DA:114,6
DA:118,3
DA:122,1
DA:126,2
DA:127,3
DA:128,3
DA:130,3
DA:132,3
DA:133,1
DA:136,2
DA:137,0
DA:140,1
DA:144,0
DA:152,3
LF:60
LH:54
BRDA:30,0,0,12
BRDA:30,0,1,0
BRDA:45,1,0,12
BRDA:45,1,1,0
BRDA:45,2,0,12
BRDA:45,2,1,12
BRDA:56,3,0,0
BRDA:56,3,1,12
BRDA:60,4,0,0
BRDA:60,4,1,12
BRDA:65,5,0,12
BRDA:65,5,1,0
BRDA:65,6,0,12
BRDA:65,6,1,12
BRDA:66,7,0,12
BRDA:66,7,1,0
BRDA:68,8,0,0
BRDA:68,8,1,12
BRDA:82,9,0,7
BRDA:82,9,1,3
BRDA:82,9,2,1
BRDA:82,9,3,2
BRDA:84,10,0,0
BRDA:84,10,1,7
BRDA:117,11,0,2
BRDA:121,12,0,0
BRDA:130,13,0,3
BRDA:130,13,1,0
BRDA:132,14,0,1
BRDA:132,14,1,2
BRDA:136,15,0,0
BRDA:136,15,1,2
BRF:32
BRH:21
end_of_record
TN:
SF:src/core/UserNode.js
FN:9,(anonymous_0)
FN:39,(anonymous_1)
FN:54,(anonymous_2)
FN:72,(anonymous_3)
FN:79,(anonymous_4)
FN:88,(anonymous_5)
FN:93,(anonymous_6)
FN:98,(anonymous_7)
FN:103,(anonymous_8)
FN:110,(anonymous_9)
FN:112,(anonymous_10)
FN:121,(anonymous_11)
FN:127,(anonymous_12)
FN:138,(anonymous_13)
FN:146,(anonymous_14)
FN:153,(anonymous_15)
FN:181,(anonymous_16)
FN:188,(anonymous_17)
FN:192,(anonymous_18)
FN:198,(anonymous_19)
FN:207,(anonymous_20)
FN:231,(anonymous_21)
FNF:22
FNH:21
FNDA:30,(anonymous_0)
FNDA:30,(anonymous_1)
FNDA:30,(anonymous_2)
FNDA:5,(anonymous_3)
FNDA:30,(anonymous_4)
FNDA:7,(anonymous_5)
FNDA:6,(anonymous_6)
FNDA:1,(anonymous_7)
FNDA:4,(anonymous_8)
FNDA:30,(anonymous_9)
FNDA:85,(anonymous_10)
FNDA:3,(anonymous_11)
FNDA:1,(anonymous_12)
FNDA:3,(anonymous_13)
FNDA:2,(anonymous_14)
FNDA:2,(anonymous_15)
FNDA:2,(anonymous_16)
FNDA:0,(anonymous_17)
FNDA:2,(anonymous_18)
FNDA:1,(anonymous_19)
FNDA:2,(anonymous_20)
FNDA:2,(anonymous_21)
DA:2,2
DA:3,2
DA:4,2
DA:5,2
DA:6,2
DA:10,30
DA:11,30
DA:14,30
DA:15,0
DA:19,30
DA:22,30
DA:23,30
DA:25,30
DA:28,30
DA:29,30
DA:32,30
DA:33,30
DA:36,30
DA:40,30
DA:41,30
DA:42,12
DA:44,18
DA:49,18
DA:50,18
DA:51,18
DA:55,30
DA:56,30
DA:57,1
DA:58,1
DA:60,1
DA:61,1
DA:62,1
DA:63,1
DA:65,0
DA:68,1
DA:73,5
DA:74,5
DA:80,30
DA:81,30
DA:82,1
DA:83,1
DA:84,1
DA:89,7
DA:90,7
DA:94,6
DA:95,6
DA:99,1
DA:100,1
DA:104,4
DA:105,3
DA:111,30
DA:112,30
DA:113,85
DA:114,1
DA:115,1
DA:116,1
DA:122,3
DA:123,3
DA:124,3
DA:128,1
DA:129,1
DA:130,1
DA:139,3
DA:140,3
DA:141,3
DA:142,3
DA:147,2
DA:148,2
DA:149,2
DA:150,2
DA:154,2
DA:156,2
DA:157,2
DA:162,2
DA:163,2
DA:164,1
DA:167,1
DA:177,1
DA:178,1
DA:182,2
DA:183,1
DA:185,1
DA:189,0
DA:193,2
DA:194,2
DA:195,2
DA:199,1
DA:200,1
DA:201,1
DA:208,2
DA:210,1
DA:213,1
DA:221,1
DA:223,1
DA:232,2
DA:233,1
DA:235,1
DA:236,1
DA:237,1
DA:241,2
LF:100
LH:97
BRDA:14,0,0,0
BRDA:14,0,1,30
BRDA:41,1,0,12
BRDA:41,1,1,18
BRDA:56,2,0,1
BRDA:56,2,1,29
BRDA:81,3,0,1
BRDA:81,3,1,29
BRDA:104,4,0,1
BRDA:104,4,1,3
BRDA:113,5,0,1
BRDA:113,5,1,84
BRDA:113,6,0,85
BRDA:113,6,1,1
BRDA:128,7,0,1
BRDA:128,7,1,0
BRDA:129,8,0,1
BRDA:129,8,1,0
BRDA:157,9,0,0
BRDA:157,9,1,2
BRDA:157,10,0,2
BRDA:157,10,1,0
BRDA:163,11,0,1
BRDA:163,11,1,1
BRDA:182,12,0,1
BRDA:182,12,1,1
BRDA:182,13,0,2
BRDA:182,13,1,1
BRDA:198,14,0,0
BRDA:207,15,0,2
BRDA:208,16,0,1
BRDA:208,16,1,1
BRDA:231,17,0,2
BRDA:232,18,0,1
BRDA:232,18,1,1
BRF:35
BRH:29
end_of_record
TN:
SF:src/network/P2P.js
FN:14,(anonymous_0)
FN:26,(anonymous_1)
FN:31,(anonymous_2)
FN:34,(anonymous_3)
FN:35,(anonymous_4)
FN:38,(anonymous_5)
FN:46,(anonymous_6)
FN:55,(anonymous_7)
FN:56,(anonymous_8)
FN:73,(anonymous_9)
FN:105,(anonymous_10)
FN:145,(anonymous_11)
FN:190,(anonymous_12)
FN:201,(anonymous_13)
FN:212,(anonymous_14)
FN:219,(anonymous_15)
FN:225,(anonymous_16)
FN:226,(anonymous_17)
FN:229,(anonymous_18)
FN:230,(anonymous_19)
FN:236,(anonymous_20)
FNF:21
FNH:13
FNDA:8,(anonymous_0)
FNDA:1,(anonymous_1)
FNDA:1,(anonymous_2)
FNDA:0,(anonymous_3)
FNDA:1,(anonymous_4)
FNDA:3,(anonymous_5)
FNDA:1,(anonymous_6)
FNDA:1,(anonymous_7)
FNDA:1,(anonymous_8)
FNDA:2,(anonymous_9)
FNDA:3,(anonymous_10)
FNDA:0,(anonymous_11)
FNDA:3,(anonymous_12)
FNDA:1,(anonymous_13)
FNDA:0,(anonymous_14)
FNDA:5,(anonymous_15)
FNDA:0,(anonymous_16)
FNDA:0,(anonymous_17)
FNDA:0,(anonymous_18)
FNDA:0,(anonymous_19)
FNDA:0,(anonymous_20)
DA:2,1
DA:4,1
DA:15,8
DA:16,8
DA:17,8
DA:19,8
DA:23,8
DA:25,8
DA:26,8
DA:28,8
DA:32,1
DA:33,1
DA:34,1
DA:35,1
DA:39,3
DA:40,3
DA:42,3
DA:43,1
DA:46,3
DA:47,1
DA:48,1
DA:49,0
DA:51,1
DA:55,3
DA:56,1
DA:59,1
DA:60,1
DA:61,1
DA:65,1
DA:68,3
DA:69,3
DA:74,2
DA:77,2
DA:78,2
DA:79,0
DA:80,2
DA:81,2
DA:84,2
DA:85,2
DA:86,2
DA:87,2
DA:88,0
DA:89,2
DA:92,2
DA:93,2
DA:94,1
DA:95,1
DA:96,1
DA:102,1
DA:106,3
DA:109,0
DA:112,0
DA:113,0
DA:115,0
DA:119,0
DA:120,0
DA:122,0
DA:124,0
DA:127,1
DA:128,1
DA:131,1
DA:132,1
DA:133,1
DA:134,1
DA:137,1
DA:140,0
DA:142,0
DA:144,0
DA:145,0
DA:146,0
DA:149,0
DA:150,0
DA:157,0
DA:163,0
DA:166,0
DA:170,1
DA:171,0
DA:172,0
DA:173,0
DA:174,0
DA:180,0
DA:183,1
DA:185,0
DA:186,0
DA:191,3
DA:202,1
DA:213,0
DA:220,5
DA:221,5
DA:226,0
DA:230,0
DA:237,0
DA:241,1
LF:93
LH:61
BRDA:38,0,0,2
BRDA:42,1,0,1
BRDA:42,1,1,2
BRDA:60,2,0,1
BRDA:60,2,1,0
BRDA:65,3,0,1
BRDA:65,3,1,0
BRDA:68,4,0,3
BRDA:68,4,1,0
BRDA:78,5,0,0
BRDA:78,5,1,2
BRDA:78,6,0,2
BRDA:78,6,1,0
BRDA:78,6,2,0
BRDA:80,7,0,2
BRDA:80,7,1,0
BRDA:84,8,0,2
BRDA:84,8,1,0
BRDA:85,9,0,2
BRDA:85,9,1,0
BRDA:87,10,0,0
BRDA:87,10,1,2
BRDA:89,11,0,2
BRDA:89,11,1,0
BRDA:93,12,0,1
BRDA:93,12,1,1
BRDA:93,13,0,2
BRDA:93,13,1,2
BRDA:106,14,0,0
BRDA:106,14,1,0
BRDA:106,14,2,1
BRDA:106,14,3,1
BRDA:106,14,4,0
BRDA:106,14,5,1
BRDA:106,14,6,0
BRDA:112,15,0,0
BRDA:112,15,1,0
BRDA:120,16,0,0
BRDA:120,16,1,0
BRDA:127,17,0,1
BRDA:127,17,1,0
BRDA:131,18,0,1
BRDA:131,18,1,0
BRDA:133,19,0,1
BRDA:133,19,1,0
BRDA:133,20,0,1
BRDA:133,20,1,1
BRDA:142,21,0,0
BRDA:142,21,1,0
BRDA:142,22,0,0
BRDA:142,22,1,0
BRDA:142,22,2,0
BRDA:146,23,0,0
BRDA:146,23,1,0
BRDA:149,24,0,0
BRDA:149,24,1,0
BRDA:170,25,0,0
BRDA:170,25,1,1
BRDA:170,26,0,1
BRDA:170,26,1,1
BRDA:173,27,0,0
BRDA:173,27,1,0
BRDA:220,28,0,5
BRDA:220,28,1,0
BRDA:231,29,0,0
BRDA:231,29,1,0
BRDA:232,30,0,0
BRDA:232,30,1,0
BRF:68
BRH:29
end_of_record
TN:
SF:src/wallet/Portfolio.js
FN:5,(anonymous_0)
FN:18,(anonymous_1)
FN:26,(anonymous_2)
FN:33,(anonymous_3)
FN:46,(anonymous_4)
FNF:5
FNH:5
FNDA:38,(anonymous_0)
FNDA:8,(anonymous_1)
FNDA:8,(anonymous_2)
FNDA:2,(anonymous_3)
FNDA:2,(anonymous_4)
DA:6,38
DA:10,38
DA:19,8
DA:27,8
DA:34,2
DA:35,2
DA:36,2
DA:38,2
DA:49,2
DA:52,5
DA:53,5
DA:54,4
DA:55,3
DA:64,3
LF:14
LH:14
BRDA:27,0,0,8
BRDA:27,0,1,3
BRDA:54,1,0,3
BRDA:54,1,1,1
BRF:4
BRH:4
end_of_record
