TN:
SF:src/core/Block.js
FN:12,(anonymous_0)
FN:22,(anonymous_1)
FN:40,(anonymous_2)
FN:70,(anonymous_3)
FNF:4
FNH:4
FNDA:63,(anonymous_0)
FNDA:110,(anonymous_1)
FNDA:19,(anonymous_2)
FNDA:19,(anonymous_3)
DA:1,3
DA:13,63
DA:14,63
DA:15,63
DA:16,63
DA:17,63
DA:18,63
DA:19,63
DA:23,110
DA:51,19
DA:59,19
DA:60,19
DA:61,19
DA:62,19
DA:63,19
DA:71,19
DA:73,19
DA:81,19
DA:82,19
DA:83,19
DA:84,19
DA:88,3
LF:22
LH:22
BRDA:12,0,0,1
BRDA:12,1,0,6
BRDA:12,2,0,63
BRDA:71,3,0,0
BRF:4
BRH:3
end_of_record
TN:
SF:src/core/ContractRunner.js
FN:4,(anonymous_0)
FN:16,(anonymous_1)
FN:28,(anonymous_2)
FN:29,(anonymous_3)
FN:38,(anonymous_4)
FN:44,(anonymous_5)
FNF:6
FNH:4
FNDA:43,(anonymous_0)
FNDA:8,(anonymous_1)
FNDA:0,(anonymous_2)
FNDA:0,(anonymous_3)
FNDA:1,(anonymous_4)
FNDA:1,(anonymous_5)
DA:1,3
DA:5,43
DA:18,8
DA:21,8
DA:38,1
DA:44,1
DA:48,8
DA:50,8
DA:52,8
DA:57,5
DA:59,3
DA:60,3
DA:65,3
LF:13
LH:13
BRF:0
BRH:0
end_of_record
TN:
SF:src/core/UserChain.js
FN:6,(anonymous_0)
FN:19,(anonymous_1)
FN:23,(anonymous_2)
FN:27,(anonymous_3)
FN:54,(anonymous_4)
FN:86,(anonymous_5)
FN:90,(anonymous_6)
FN:94,(anonymous_7)
FN:98,(anonymous_8)
FN:102,(anonymous_9)
FN:120,(anonymous_10)
FNF:11
FNH:11
FNDA:37,(anonymous_0)
FNDA:37,(anonymous_1)
FNDA:41,(anonymous_2)
FNDA:17,(anonymous_3)
FNDA:20,(anonymous_4)
FNDA:19,(anonymous_5)
FNDA:9,(anonymous_6)
FNDA:3,(anonymous_7)
FNDA:2,(anonymous_8)
FNDA:4,(anonymous_9)
FNDA:1,(anonymous_10)
DA:2,2
DA:3,2
DA:7,37
DA:8,37
DA:9,37
DA:10,37
DA:11,37
DA:16,37
DA:20,37
DA:24,41
DA:28,17
DA:30,17
DA:31,17
DA:32,16
DA:35,1
DA:38,17
DA:46,17
DA:47,17
DA:50,17
DA:51,16
DA:56,20
DA:57,20
DA:58,1
DA:61,19
DA:62,1
DA:66,18
DA:67,18
DA:68,1
DA:72,17
DA:73,17
DA:75,17
DA:76,0
DA:81,17
DA:83,16
DA:87,19
DA:91,9
DA:95,3
DA:99,2
DA:103,4
DA:104,6
DA:105,6
DA:107,6
DA:109,6
DA:110,2
DA:113,4
DA:114,0
DA:117,2
DA:121,1
DA:129,2
LF:49
LH:47
BRDA:31,0,0,16
BRDA:31,0,1,1
BRDA:46,1,0,17
BRDA:46,2,0,17
BRDA:46,2,1,17
BRDA:57,3,0,1
BRDA:61,4,0,1
BRDA:66,5,0,18
BRDA:66,5,1,0
BRDA:67,6,0,1
BRDA:72,7,0,17
BRDA:72,8,0,17
BRDA:72,8,1,17
BRDA:73,9,0,17
BRDA:73,9,1,0
BRDA:75,10,0,0
BRDA:94,11,0,2
BRDA:98,12,0,1
BRDA:107,13,0,5
BRDA:107,13,1,1
BRDA:109,14,0,2
BRDA:113,15,0,0
BRF:22
BRH:18
end_of_record
TN:
SF:src/core/UserNode.js
FN:9,(anonymous_2)
FN:22,(anonymous_3)
FN:41,(anonymous_4)
FN:49,(anonymous_5)
FN:68,(anonymous_6)
FN:85,(anonymous_7)
FN:93,(anonymous_8)
FN:100,(anonymous_9)
FN:106,(anonymous_10)
FN:111,(anonymous_11)
FN:116,(anonymous_12)
FN:123,(anonymous_13)
FN:130,(anonymous_14)
FN:138,(anonymous_15)
FN:146,(anonymous_16)
FN:153,(anonymous_17)
FN:160,(anonymous_18)
FN:167,(anonymous_19)
FN:174,(anonymous_20)
FN:192,(anonymous_21)
FN:202,(anonymous_22)
FN:224,(anonymous_23)
FNF:22
FNH:21
FNDA:23,(anonymous_2)
FNDA:23,(anonymous_3)
FNDA:0,(anonymous_4)
FNDA:23,(anonymous_5)
FNDA:23,(anonymous_6)
FNDA:4,(anonymous_7)
FNDA:23,(anonymous_8)
FNDA:6,(anonymous_9)
FNDA:5,(anonymous_10)
FNDA:1,(anonymous_11)
FNDA:4,(anonymous_12)
FNDA:23,(anonymous_13)
FNDA:1,(anonymous_14)
FNDA:5,(anonymous_15)
FNDA:2,(anonymous_16)
FNDA:1,(anonymous_17)
FNDA:1,(anonymous_18)
FNDA:1,(anonymous_19)
FNDA:2,(anonymous_20)
FNDA:2,(anonymous_21)
FNDA:2,(anonymous_22)
FNDA:2,(anonymous_23)
DA:1,1
DA:2,1
DA:3,1
DA:4,1
DA:5,1
DA:6,1
DA:10,23
DA:11,23
DA:14,23
DA:15,23
DA:16,23
DA:17,23
DA:18,23
DA:23,23
DA:25,23
DA:28,23
DA:31,23
DA:32,23
DA:35,23
DA:38,23
DA:41,23
DA:43,23
DA:44,23
DA:50,23
DA:51,23
DA:52,3
DA:55,20
DA:56,20
DA:62,20
DA:64,20
DA:65,20
DA:69,23
DA:70,23
DA:71,2
DA:73,2
DA:74,2
DA:75,2
DA:76,2
DA:78,1
DA:81,2
DA:87,4
DA:94,23
DA:95,23
DA:96,21
DA:101,6
DA:107,5
DA:108,5
DA:112,1
DA:113,1
DA:117,4
DA:118,3
DA:133,1
DA:139,5
DA:140,2
DA:142,1
DA:147,2
DA:148,2
DA:149,2
DA:150,2
DA:154,1
DA:155,1
DA:156,1
DA:157,1
DA:161,1
DA:162,1
DA:163,1
DA:164,1
DA:168,1
DA:169,1
DA:170,1
DA:171,1
DA:175,2
DA:176,1
DA:177,1
DA:180,1
DA:187,1
DA:188,1
DA:193,2
DA:194,1
DA:196,1
DA:197,1
DA:198,1
DA:199,1
DA:203,2
DA:209,2
DA:210,2
DA:211,1
DA:214,1
DA:219,1
DA:220,1
DA:221,1
DA:225,2
DA:226,1
DA:228,1
DA:232,1
LF:95
LH:95
BRDA:23,0,0,0
BRDA:51,1,0,3
BRDA:70,2,0,2
BRDA:70,3,0,23
BRDA:70,3,1,2
BRDA:95,4,0,21
BRDA:95,5,0,23
BRDA:95,5,1,21
BRDA:117,6,0,1
BRDA:139,7,0,3
BRDA:139,8,0,5
BRDA:139,8,1,4
BRDA:139,8,2,3
BRDA:140,9,0,1
BRDA:167,10,0,0
BRDA:174,11,0,2
BRDA:175,12,0,1
BRDA:175,12,1,1
BRDA:192,13,0,2
BRDA:193,14,0,1
BRDA:210,15,0,1
BRDA:225,16,0,1
BRDA:225,17,0,2
BRDA:225,17,1,1
BRF:24
BRH:22
end_of_record
TN:
SF:src/core/nodeManager.js
FN:6,getNodeForUser
FN:24,getActiveNodes
FNF:2
FNH:2
FNDA:6,getNodeForUser
FNDA:4,getActiveNodes
DA:1,1
DA:3,1
DA:7,6
DA:8,5
DA:10,5
DA:11,2
DA:14,3
DA:15,3
DA:18,3
DA:20,3
DA:21,3
DA:25,4
DA:28,1
LF:13
LH:13
BRDA:7,0,0,1
BRDA:10,1,0,2
BRF:2
BRH:2
end_of_record
TN:
SF:src/core/logic/BlockProcessor.js
FN:8,(anonymous_0)
FN:18,(anonymous_1)
FN:47,(anonymous_2)
FN:53,(anonymous_3)
FN:57,(anonymous_4)
FN:61,(anonymous_5)
FNF:6
FNH:6
FNDA:37,(anonymous_0)
FNDA:19,(anonymous_1)
FNDA:12,(anonymous_2)
FNDA:3,(anonymous_3)
FNDA:2,(anonymous_4)
FNDA:2,(anonymous_5)
DA:1,2
DA:9,37
DA:21,19
DA:23,19
DA:25,12
DA:26,10
DA:28,3
DA:29,3
DA:31,2
DA:32,2
DA:34,2
DA:35,2
DA:38,0
DA:40,0
DA:43,17
DA:44,17
DA:48,12
DA:49,10
DA:50,10
DA:54,3
DA:58,2
DA:62,2
DA:68,2
DA:72,2
LF:24
LH:22
BRDA:23,0,0,12
BRDA:23,0,1,3
BRDA:23,0,2,2
BRDA:23,0,3,2
BRDA:23,0,4,0
BRDA:23,0,5,0
BRDA:48,1,0,2
BRF:7
BRH:5
end_of_record
TN:
SF:src/core/logic/TransactionFactory.js
FN:14,(anonymous_0)
FNF:1
FNH:1
FNDA:1,(anonymous_0)
DA:16,1
DA:17,1
DA:18,1
DA:20,1
DA:22,1
DA:34,1
LF:6
LH:6
BRDA:20,0,0,0
BRF:1
BRH:0
end_of_record
TN:
SF:src/firebase/p2p.js
FN:8,(anonymous_0)
FN:23,(anonymous_1)
FN:27,(anonymous_2)
FN:28,(anonymous_3)
FNF:4
FNH:4
FNDA:2,(anonymous_0)
FNDA:2,(anonymous_1)
FNDA:1,(anonymous_2)
FNDA:1,(anonymous_3)
DA:2,1
DA:8,1
DA:9,2
DA:10,2
DA:11,2
DA:12,1
DA:14,1
DA:23,1
DA:24,2
DA:25,2
DA:27,2
DA:28,1
DA:29,1
DA:33,2
DA:36,1
LF:15
LH:15
BRF:0
BRH:0
end_of_record
TN:
SF:src/firebase/storage.js
FN:7,(anonymous_5)
FN:19,(anonymous_6)
FN:35,(anonymous_7)
FN:39,(anonymous_8)
FNF:4
FNH:4
FNDA:2,(anonymous_5)
FNDA:3,(anonymous_6)
FNDA:2,(anonymous_7)
FNDA:2,(anonymous_8)
DA:1,1
DA:2,1
DA:4,1
DA:7,1
DA:8,2
DA:10,2
DA:11,1
DA:13,1
DA:14,1
DA:19,1
DA:20,3
DA:21,3
DA:22,3
DA:23,2
DA:24,1
DA:26,1
DA:29,1
DA:30,1
DA:35,1
DA:36,2
DA:37,2
DA:38,1
DA:39,1
DA:40,2
DA:42,1
DA:44,1
DA:45,1
LF:27
LH:27
BRDA:23,0,0,1
BRDA:23,0,1,1
BRF:2
BRH:2
end_of_record
TN:
SF:src/wallet/Portfolio.js
FN:5,(anonymous_0)
FN:18,(anonymous_1)
FN:26,(anonymous_2)
FN:33,(anonymous_3)
FN:46,(anonymous_4)
FNF:5
FNH:5
FNDA:31,(anonymous_0)
FNDA:8,(anonymous_1)
FNDA:8,(anonymous_2)
FNDA:2,(anonymous_3)
FNDA:2,(anonymous_4)
DA:6,31
DA:10,31
DA:19,8
DA:27,8
DA:34,2
DA:35,2
DA:36,2
DA:38,2
DA:49,2
DA:52,5
DA:53,5
DA:54,4
DA:55,3
DA:64,2
LF:14
LH:14
BRDA:27,0,0,8
BRDA:27,0,1,3
BRDA:54,1,0,3
BRF:3
BRH:3
end_of_record
